{"/Users/mattokc/Documents/tfxjs/lib/builders.js": {"path":"/Users/mattokc/Documents/tfxjs/lib/builders.js","statementMap":{"0":{"start":{"line":1,"column":30},"end":{"line":1,"column":50}},"1":{"start":{"line":8,"column":4},"end":{"line":8,"column":21}},"2":{"start":{"line":9,"column":14},"end":{"line":9,"column":30}},"3":{"start":{"line":10,"column":30},"end":{"line":10,"column":61}},"4":{"start":{"line":11,"column":16},"end":{"line":11,"column":41}},"5":{"start":{"line":12,"column":17},"end":{"line":373,"column":1}},"6":{"start":{"line":20,"column":4},"end":{"line":20,"column":27}},"7":{"start":{"line":21,"column":4},"end":{"line":21,"column":45}},"8":{"start":{"line":22,"column":4},"end":{"line":22,"column":45}},"9":{"start":{"line":27,"column":4},"end":{"line":33,"column":6}},"10":{"start":{"line":28,"column":6},"end":{"line":32,"column":8}},"11":{"start":{"line":42,"column":4},"end":{"line":42,"column":76}},"12":{"start":{"line":52,"column":4},"end":{"line":52,"column":72}},"13":{"start":{"line":62,"column":4},"end":{"line":62,"column":75}},"14":{"start":{"line":76,"column":19},"end":{"line":76,"column":21}},"15":{"start":{"line":77,"column":4},"end":{"line":120,"column":13}},"16":{"start":{"line":79,"column":8},"end":{"line":92,"column":13}},"17":{"start":{"line":95,"column":6},"end":{"line":117,"column":7}},"18":{"start":{"line":96,"column":8},"end":{"line":110,"column":9}},"19":{"start":{"line":97,"column":10},"end":{"line":102,"column":12}},"20":{"start":{"line":105,"column":10},"end":{"line":109,"column":13}},"21":{"start":{"line":113,"column":8},"end":{"line":116,"column":11}},"22":{"start":{"line":119,"column":6},"end":{"line":119,"column":31}},"23":{"start":{"line":121,"column":4},"end":{"line":121,"column":20}},"24":{"start":{"line":133,"column":18},"end":{"line":133,"column":60}},"25":{"start":{"line":134,"column":4},"end":{"line":137,"column":7}},"26":{"start":{"line":147,"column":4},"end":{"line":153,"column":6}},"27":{"start":{"line":148,"column":22},"end":{"line":148,"column":47}},"28":{"start":{"line":149,"column":6},"end":{"line":152,"column":8}},"29":{"start":{"line":163,"column":4},"end":{"line":167,"column":6}},"30":{"start":{"line":176,"column":4},"end":{"line":180,"column":6}},"31":{"start":{"line":181,"column":4},"end":{"line":181,"column":71}},"32":{"start":{"line":182,"column":4},"end":{"line":185,"column":6}},"33":{"start":{"line":196,"column":20},"end":{"line":196,"column":54}},"34":{"start":{"line":197,"column":4},"end":{"line":199,"column":5}},"35":{"start":{"line":198,"column":6},"end":{"line":198,"column":54}},"36":{"start":{"line":201,"column":6},"end":{"line":215,"column":7}},"37":{"start":{"line":216,"column":4},"end":{"line":216,"column":20}},"38":{"start":{"line":224,"column":4},"end":{"line":224,"column":24}},"39":{"start":{"line":225,"column":4},"end":{"line":225,"column":19}},"40":{"start":{"line":226,"column":4},"end":{"line":226,"column":27}},"41":{"start":{"line":227,"column":32},"end":{"line":229,"column":16}},"42":{"start":{"line":230,"column":24},"end":{"line":236,"column":16}},"43":{"start":{"line":232,"column":8},"end":{"line":232,"column":49}},"44":{"start":{"line":237,"column":27},"end":{"line":240,"column":16}},"45":{"start":{"line":242,"column":4},"end":{"line":246,"column":7}},"46":{"start":{"line":243,"column":21},"end":{"line":243,"column":54}},"47":{"start":{"line":245,"column":6},"end":{"line":245,"column":77}},"48":{"start":{"line":245,"column":44},"end":{"line":245,"column":77}},"49":{"start":{"line":252,"column":4},"end":{"line":257,"column":6}},"50":{"start":{"line":253,"column":6},"end":{"line":255,"column":7}},"51":{"start":{"line":253,"column":19},"end":{"line":253,"column":20}},"52":{"start":{"line":254,"column":8},"end":{"line":254,"column":69}},"53":{"start":{"line":256,"column":6},"end":{"line":256,"column":22}},"54":{"start":{"line":265,"column":4},"end":{"line":268,"column":6}},"55":{"start":{"line":266,"column":6},"end":{"line":266,"column":46}},"56":{"start":{"line":267,"column":6},"end":{"line":267,"column":22}},"57":{"start":{"line":274,"column":4},"end":{"line":276,"column":6}},"58":{"start":{"line":275,"column":6},"end":{"line":275,"column":54}},"59":{"start":{"line":289,"column":4},"end":{"line":289,"column":59}},"60":{"start":{"line":290,"column":4},"end":{"line":309,"column":6}},"61":{"start":{"line":298,"column":8},"end":{"line":298,"column":56}},"62":{"start":{"line":307,"column":8},"end":{"line":307,"column":62}},"63":{"start":{"line":310,"column":4},"end":{"line":331,"column":6}},"64":{"start":{"line":319,"column":8},"end":{"line":319,"column":72}},"65":{"start":{"line":329,"column":8},"end":{"line":329,"column":71}},"66":{"start":{"line":332,"column":4},"end":{"line":349,"column":6}},"67":{"start":{"line":339,"column":8},"end":{"line":339,"column":51}},"68":{"start":{"line":347,"column":8},"end":{"line":347,"column":57}},"69":{"start":{"line":350,"column":4},"end":{"line":371,"column":6}},"70":{"start":{"line":359,"column":8},"end":{"line":359,"column":72}},"71":{"start":{"line":369,"column":8},"end":{"line":369,"column":78}},"72":{"start":{"line":375,"column":0},"end":{"line":375,"column":26}}},"fnMap":{"0":{"name":"(anonymous_0)","decl":{"start":{"line":19,"column":13},"end":{"line":19,"column":14}},"loc":{"start":{"line":19,"column":59},"end":{"line":34,"column":3}},"line":19},"1":{"name":"(anonymous_1)","decl":{"start":{"line":27,"column":16},"end":{"line":27,"column":17}},"loc":{"start":{"line":27,"column":22},"end":{"line":33,"column":5}},"line":27},"2":{"name":"(anonymous_2)","decl":{"start":{"line":41,"column":16},"end":{"line":41,"column":17}},"loc":{"start":{"line":41,"column":47},"end":{"line":43,"column":3}},"line":41},"3":{"name":"(anonymous_3)","decl":{"start":{"line":51,"column":14},"end":{"line":51,"column":15}},"loc":{"start":{"line":51,"column":45},"end":{"line":53,"column":3}},"line":51},"4":{"name":"(anonymous_4)","decl":{"start":{"line":61,"column":17},"end":{"line":61,"column":18}},"loc":{"start":{"line":61,"column":48},"end":{"line":63,"column":3}},"line":61},"5":{"name":"(anonymous_5)","decl":{"start":{"line":75,"column":15},"end":{"line":75,"column":16}},"loc":{"start":{"line":75,"column":66},"end":{"line":122,"column":3}},"line":75},"6":{"name":"(anonymous_6)","decl":{"start":{"line":77,"column":20},"end":{"line":77,"column":21}},"loc":{"start":{"line":77,"column":29},"end":{"line":120,"column":5}},"line":77},"7":{"name":"(anonymous_7)","decl":{"start":{"line":132,"column":13},"end":{"line":132,"column":14}},"loc":{"start":{"line":132,"column":71},"end":{"line":138,"column":3}},"line":132},"8":{"name":"(anonymous_8)","decl":{"start":{"line":146,"column":8},"end":{"line":146,"column":9}},"loc":{"start":{"line":146,"column":53},"end":{"line":154,"column":3}},"line":146},"9":{"name":"(anonymous_9)","decl":{"start":{"line":147,"column":11},"end":{"line":147,"column":12}},"loc":{"start":{"line":147,"column":28},"end":{"line":153,"column":5}},"line":147},"10":{"name":"(anonymous_10)","decl":{"start":{"line":162,"column":12},"end":{"line":162,"column":13}},"loc":{"start":{"line":162,"column":45},"end":{"line":168,"column":3}},"line":162},"11":{"name":"(anonymous_11)","decl":{"start":{"line":175,"column":11},"end":{"line":175,"column":12}},"loc":{"start":{"line":175,"column":44},"end":{"line":186,"column":3}},"line":175},"12":{"name":"(anonymous_12)","decl":{"start":{"line":195,"column":12},"end":{"line":195,"column":13}},"loc":{"start":{"line":195,"column":58},"end":{"line":217,"column":3}},"line":195},"13":{"name":"(anonymous_13)","decl":{"start":{"line":223,"column":16},"end":{"line":223,"column":17}},"loc":{"start":{"line":223,"column":31},"end":{"line":277,"column":3}},"line":223},"14":{"name":"(anonymous_14)","decl":{"start":{"line":231,"column":14},"end":{"line":231,"column":15}},"loc":{"start":{"line":231,"column":23},"end":{"line":233,"column":7}},"line":231},"15":{"name":"(anonymous_15)","decl":{"start":{"line":242,"column":45},"end":{"line":242,"column":46}},"loc":{"start":{"line":242,"column":57},"end":{"line":246,"column":5}},"line":242},"16":{"name":"(anonymous_16)","decl":{"start":{"line":252,"column":16},"end":{"line":252,"column":17}},"loc":{"start":{"line":252,"column":37},"end":{"line":257,"column":5}},"line":252},"17":{"name":"(anonymous_17)","decl":{"start":{"line":265,"column":15},"end":{"line":265,"column":16}},"loc":{"start":{"line":265,"column":37},"end":{"line":268,"column":5}},"line":265},"18":{"name":"(anonymous_18)","decl":{"start":{"line":274,"column":17},"end":{"line":274,"column":18}},"loc":{"start":{"line":274,"column":29},"end":{"line":276,"column":5}},"line":274},"19":{"name":"(anonymous_19)","decl":{"start":{"line":288,"column":11},"end":{"line":288,"column":12}},"loc":{"start":{"line":288,"column":50},"end":{"line":372,"column":3}},"line":288},"20":{"name":"(anonymous_20)","decl":{"start":{"line":297,"column":19},"end":{"line":297,"column":20}},"loc":{"start":{"line":297,"column":35},"end":{"line":299,"column":7}},"line":297},"21":{"name":"(anonymous_21)","decl":{"start":{"line":306,"column":22},"end":{"line":306,"column":23}},"loc":{"start":{"line":306,"column":38},"end":{"line":308,"column":7}},"line":306},"22":{"name":"(anonymous_22)","decl":{"start":{"line":318,"column":19},"end":{"line":318,"column":20}},"loc":{"start":{"line":318,"column":44},"end":{"line":320,"column":7}},"line":318},"23":{"name":"(anonymous_23)","decl":{"start":{"line":328,"column":22},"end":{"line":328,"column":23}},"loc":{"start":{"line":328,"column":47},"end":{"line":330,"column":7}},"line":328},"24":{"name":"(anonymous_24)","decl":{"start":{"line":338,"column":19},"end":{"line":338,"column":20}},"loc":{"start":{"line":338,"column":29},"end":{"line":340,"column":7}},"line":338},"25":{"name":"(anonymous_25)","decl":{"start":{"line":346,"column":22},"end":{"line":346,"column":23}},"loc":{"start":{"line":346,"column":32},"end":{"line":348,"column":7}},"line":346},"26":{"name":"(anonymous_26)","decl":{"start":{"line":358,"column":19},"end":{"line":358,"column":20}},"loc":{"start":{"line":358,"column":51},"end":{"line":360,"column":7}},"line":358},"27":{"name":"(anonymous_27)","decl":{"start":{"line":368,"column":22},"end":{"line":368,"column":23}},"loc":{"start":{"line":368,"column":54},"end":{"line":370,"column":7}},"line":368}},"branchMap":{"0":{"loc":{"start":{"line":20,"column":16},"end":{"line":20,"column":26}},"type":"binary-expr","locations":[{"start":{"line":20,"column":16},"end":{"line":20,"column":20}},{"start":{"line":20,"column":24},"end":{"line":20,"column":26}}],"line":20},"1":{"loc":{"start":{"line":21,"column":25},"end":{"line":21,"column":44}},"type":"binary-expr","locations":[{"start":{"line":21,"column":25},"end":{"line":21,"column":38}},{"start":{"line":21,"column":42},"end":{"line":21,"column":44}}],"line":21},"2":{"loc":{"start":{"line":22,"column":25},"end":{"line":22,"column":44}},"type":"binary-expr","locations":[{"start":{"line":22,"column":25},"end":{"line":22,"column":38}},{"start":{"line":22,"column":42},"end":{"line":22,"column":44}}],"line":22},"3":{"loc":{"start":{"line":79,"column":8},"end":{"line":92,"column":13}},"type":"cond-expr","locations":[{"start":{"line":80,"column":12},"end":{"line":85,"column":13}},{"start":{"line":86,"column":12},"end":{"line":92,"column":13}}],"line":79},"4":{"loc":{"start":{"line":95,"column":6},"end":{"line":117,"column":7}},"type":"if","locations":[{"start":{"line":95,"column":6},"end":{"line":117,"column":7}},{"start":{"line":111,"column":13},"end":{"line":117,"column":7}}],"line":95},"5":{"loc":{"start":{"line":96,"column":8},"end":{"line":110,"column":9}},"type":"if","locations":[{"start":{"line":96,"column":8},"end":{"line":110,"column":9}},{"start":{"line":103,"column":15},"end":{"line":110,"column":9}}],"line":96},"6":{"loc":{"start":{"line":197,"column":4},"end":{"line":199,"column":5}},"type":"if","locations":[{"start":{"line":197,"column":4},"end":{"line":199,"column":5}},{"start":{},"end":{}}],"line":197},"7":{"loc":{"start":{"line":210,"column":8},"end":{"line":210,"column":55}},"type":"cond-expr","locations":[{"start":{"line":210,"column":30},"end":{"line":210,"column":50}},{"start":{"line":210,"column":53},"end":{"line":210,"column":55}}],"line":210},"8":{"loc":{"start":{"line":245,"column":6},"end":{"line":245,"column":77}},"type":"if","locations":[{"start":{"line":245,"column":6},"end":{"line":245,"column":77}},{"start":{},"end":{}}],"line":245}},"s":{"0":2,"1":2,"2":2,"3":2,"4":2,"5":2,"6":97,"7":97,"8":97,"9":97,"10":97,"11":35,"12":35,"13":27,"14":9,"15":9,"16":8,"17":8,"18":6,"19":1,"20":5,"21":2,"22":8,"23":9,"24":2,"25":2,"26":0,"27":0,"28":0,"29":0,"30":0,"31":0,"32":0,"33":0,"34":0,"35":0,"36":0,"37":0,"38":3,"39":3,"40":3,"41":3,"42":3,"43":3,"44":3,"45":3,"46":190,"47":190,"48":10,"49":3,"50":0,"51":0,"52":0,"53":0,"54":3,"55":0,"56":0,"57":3,"58":0,"59":0,"60":0,"61":0,"62":0,"63":0,"64":0,"65":0,"66":0,"67":0,"68":0,"69":0,"70":0,"71":0,"72":2},"f":{"0":97,"1":97,"2":35,"3":35,"4":27,"5":9,"6":8,"7":2,"8":0,"9":0,"10":0,"11":0,"12":0,"13":3,"14":3,"15":190,"16":0,"17":0,"18":0,"19":0,"20":0,"21":0,"22":0,"23":0,"24":0,"25":0,"26":0,"27":0},"b":{"0":[97,0],"1":[97,0],"2":[97,0],"3":[6,2],"4":[6,2],"5":[1,5],"6":[0,0],"7":[0,0],"8":[10,180]},"_coverageSchema":"1a1c01bbd47fc00a2c39e90264f33305004495a9","hash":"3cca0a433e2576a65bed85f8e425654670db5a26"}
,"/Users/mattokc/Documents/tfxjs/lib/cli.js": {"path":"/Users/mattokc/Documents/tfxjs/lib/cli.js","statementMap":{"0":{"start":{"line":1,"column":14},"end":{"line":1,"column":30}},"1":{"start":{"line":11,"column":22},"end":{"line":11,"column":24}},"2":{"start":{"line":12,"column":4},"end":{"line":14,"column":5}},"3":{"start":{"line":12,"column":16},"end":{"line":12,"column":17}},"4":{"start":{"line":13,"column":7},"end":{"line":13,"column":35}},"5":{"start":{"line":15,"column":14},"end":{"line":15,"column":50}},"6":{"start":{"line":16,"column":4},"end":{"line":20,"column":5}},"7":{"start":{"line":17,"column":8},"end":{"line":17,"column":21}},"8":{"start":{"line":19,"column":8},"end":{"line":19,"column":108}},"9":{"start":{"line":23,"column":0},"end":{"line":23,"column":21}}},"fnMap":{"0":{"name":"cli","decl":{"start":{"line":10,"column":9},"end":{"line":10,"column":12}},"loc":{"start":{"line":10,"column":50},"end":{"line":21,"column":1}},"line":10}},"branchMap":{},"s":{"0":1,"1":3,"2":3,"3":3,"4":2,"5":3,"6":3,"7":3,"8":1,"9":1},"f":{"0":3},"b":{},"_coverageSchema":"1a1c01bbd47fc00a2c39e90264f33305004495a9","hash":"743599f58057b0735de273fb3105d0df8c37bb0a"}
,"/Users/mattokc/Documents/tfxjs/lib/connect.js": {"path":"/Users/mattokc/Documents/tfxjs/lib/connect.js","statementMap":{"0":{"start":{"line":1,"column":19},"end":{"line":1,"column":34}},"1":{"start":{"line":9,"column":16},"end":{"line":114,"column":1}},"2":{"start":{"line":18,"column":2},"end":{"line":33,"column":4}},"3":{"start":{"line":19,"column":21},"end":{"line":19,"column":37}},"4":{"start":{"line":20,"column":4},"end":{"line":32,"column":9}},"5":{"start":{"line":23,"column":8},"end":{"line":31,"column":9}},"6":{"start":{"line":24,"column":10},"end":{"line":28,"column":12}},"7":{"start":{"line":30,"column":10},"end":{"line":30,"column":73}},"8":{"start":{"line":44,"column":2},"end":{"line":79,"column":4}},"9":{"start":{"line":52,"column":4},"end":{"line":78,"column":9}},"10":{"start":{"line":59,"column":8},"end":{"line":63,"column":9}},"11":{"start":{"line":67,"column":8},"end":{"line":71,"column":10}},"12":{"start":{"line":74,"column":8},"end":{"line":77,"column":10}},"13":{"start":{"line":86,"column":2},"end":{"line":90,"column":4}},"14":{"start":{"line":87,"column":4},"end":{"line":89,"column":7}},"15":{"start":{"line":88,"column":6},"end":{"line":88,"column":121}},"16":{"start":{"line":98,"column":2},"end":{"line":113,"column":4}},"17":{"start":{"line":99,"column":4},"end":{"line":112,"column":9}},"18":{"start":{"line":102,"column":8},"end":{"line":110,"column":10}},"19":{"start":{"line":116,"column":0},"end":{"line":116,"column":25}}},"fnMap":{"0":{"name":"(anonymous_0)","decl":{"start":{"line":9,"column":16},"end":{"line":9,"column":17}},"loc":{"start":{"line":9,"column":46},"end":{"line":114,"column":1}},"line":9},"1":{"name":"(anonymous_1)","decl":{"start":{"line":18,"column":17},"end":{"line":18,"column":18}},"loc":{"start":{"line":18,"column":64},"end":{"line":33,"column":3}},"line":18},"2":{"name":"(anonymous_2)","decl":{"start":{"line":22,"column":13},"end":{"line":22,"column":14}},"loc":{"start":{"line":22,"column":37},"end":{"line":32,"column":7}},"line":22},"3":{"name":"(anonymous_3)","decl":{"start":{"line":44,"column":17},"end":{"line":44,"column":18}},"loc":{"start":{"line":49,"column":4},"end":{"line":79,"column":3}},"line":49},"4":{"name":"(anonymous_4)","decl":{"start":{"line":58,"column":12},"end":{"line":58,"column":13}},"loc":{"start":{"line":58,"column":18},"end":{"line":64,"column":7}},"line":58},"5":{"name":"(anonymous_5)","decl":{"start":{"line":65,"column":13},"end":{"line":65,"column":14}},"loc":{"start":{"line":65,"column":22},"end":{"line":72,"column":7}},"line":65},"6":{"name":"(anonymous_6)","decl":{"start":{"line":73,"column":15},"end":{"line":73,"column":16}},"loc":{"start":{"line":73,"column":21},"end":{"line":78,"column":7}},"line":73},"7":{"name":"(anonymous_7)","decl":{"start":{"line":86,"column":18},"end":{"line":86,"column":19}},"loc":{"start":{"line":86,"column":50},"end":{"line":90,"column":3}},"line":86},"8":{"name":"(anonymous_8)","decl":{"start":{"line":87,"column":60},"end":{"line":87,"column":61}},"loc":{"start":{"line":87,"column":69},"end":{"line":89,"column":5}},"line":87},"9":{"name":"(anonymous_9)","decl":{"start":{"line":98,"column":17},"end":{"line":98,"column":18}},"loc":{"start":{"line":98,"column":55},"end":{"line":113,"column":3}},"line":98},"10":{"name":"(anonymous_10)","decl":{"start":{"line":101,"column":13},"end":{"line":101,"column":14}},"loc":{"start":{"line":101,"column":37},"end":{"line":112,"column":7}},"line":101}},"branchMap":{"0":{"loc":{"start":{"line":19,"column":21},"end":{"line":19,"column":37}},"type":"binary-expr","locations":[{"start":{"line":19,"column":21},"end":{"line":19,"column":28}},{"start":{"line":19,"column":32},"end":{"line":19,"column":37}}],"line":19},"1":{"loc":{"start":{"line":23,"column":8},"end":{"line":31,"column":9}},"type":"if","locations":[{"start":{"line":23,"column":8},"end":{"line":31,"column":9}},{"start":{"line":29,"column":15},"end":{"line":31,"column":9}}],"line":23},"2":{"loc":{"start":{"line":60,"column":51},"end":{"line":60,"column":79}},"type":"cond-expr","locations":[{"start":{"line":60,"column":68},"end":{"line":60,"column":74}},{"start":{"line":60,"column":77},"end":{"line":60,"column":79}}],"line":60},"3":{"loc":{"start":{"line":68,"column":51},"end":{"line":68,"column":79}},"type":"cond-expr","locations":[{"start":{"line":68,"column":68},"end":{"line":68,"column":74}},{"start":{"line":68,"column":77},"end":{"line":68,"column":79}}],"line":68},"4":{"loc":{"start":{"line":70,"column":26},"end":{"line":70,"column":70}},"type":"cond-expr","locations":[{"start":{"line":70,"column":52},"end":{"line":70,"column":56}},{"start":{"line":70,"column":59},"end":{"line":70,"column":70}}],"line":70},"5":{"loc":{"start":{"line":88,"column":79},"end":{"line":88,"column":107}},"type":"cond-expr","locations":[{"start":{"line":88,"column":96},"end":{"line":88,"column":102}},{"start":{"line":88,"column":105},"end":{"line":88,"column":107}}],"line":88},"6":{"loc":{"start":{"line":104,"column":10},"end":{"line":106,"column":16}},"type":"cond-expr","locations":[{"start":{"line":105,"column":14},"end":{"line":105,"column":71}},{"start":{"line":106,"column":14},"end":{"line":106,"column":16}}],"line":104},"7":{"loc":{"start":{"line":108,"column":12},"end":{"line":108,"column":58}},"type":"cond-expr","locations":[{"start":{"line":108,"column":29},"end":{"line":108,"column":43}},{"start":{"line":108,"column":46},"end":{"line":108,"column":58}}],"line":108}},"s":{"0":3,"1":3,"2":16,"3":4,"4":4,"5":4,"6":2,"7":2,"8":16,"9":4,"10":2,"11":2,"12":4,"13":16,"14":4,"15":4,"16":16,"17":4,"18":2,"19":3},"f":{"0":16,"1":4,"2":4,"3":4,"4":2,"5":2,"6":4,"7":4,"8":4,"9":4,"10":2},"b":{"0":[4,1],"1":[2,2],"2":[1,1],"3":[1,1],"4":[1,1],"5":[2,2],"6":[1,1],"7":[1,1]},"_coverageSchema":"1a1c01bbd47fc00a2c39e90264f33305004495a9","hash":"2a6101843bf715749cd4bc75270b1d1ec73b351a"}
,"/Users/mattokc/Documents/tfxjs/lib/constants.js": {"path":"/Users/mattokc/Documents/tfxjs/lib/constants.js","statementMap":{"0":{"start":{"line":1,"column":30},"end":{"line":1,"column":61}},"1":{"start":{"line":3,"column":0},"end":{"line":119,"column":2}},"2":{"start":{"line":14,"column":6},"end":{"line":14,"column":41}},"3":{"start":{"line":22,"column":6},"end":{"line":22,"column":59}},"4":{"start":{"line":58,"column":6},"end":{"line":58,"column":25}},"5":{"start":{"line":63,"column":6},"end":{"line":63,"column":23}},"6":{"start":{"line":67,"column":6},"end":{"line":67,"column":17}},"7":{"start":{"line":71,"column":6},"end":{"line":71,"column":48}},"8":{"start":{"line":75,"column":6},"end":{"line":75,"column":20}},"9":{"start":{"line":79,"column":6},"end":{"line":79,"column":27}},"10":{"start":{"line":82,"column":26},"end":{"line":82,"column":55}},"11":{"start":{"line":90,"column":6},"end":{"line":90,"column":23}},"12":{"start":{"line":104,"column":6},"end":{"line":104,"column":25}},"13":{"start":{"line":116,"column":6},"end":{"line":116,"column":53}}},"fnMap":{"0":{"name":"(anonymous_0)","decl":{"start":{"line":13,"column":11},"end":{"line":13,"column":12}},"loc":{"start":{"line":13,"column":20},"end":{"line":15,"column":5}},"line":13},"1":{"name":"(anonymous_1)","decl":{"start":{"line":21,"column":16},"end":{"line":21,"column":17}},"loc":{"start":{"line":21,"column":25},"end":{"line":23,"column":5}},"line":21},"2":{"name":"(anonymous_2)","decl":{"start":{"line":57,"column":16},"end":{"line":57,"column":17}},"loc":{"start":{"line":57,"column":25},"end":{"line":59,"column":5}},"line":57},"3":{"name":"(anonymous_3)","decl":{"start":{"line":62,"column":12},"end":{"line":62,"column":13}},"loc":{"start":{"line":62,"column":21},"end":{"line":64,"column":5}},"line":62},"4":{"name":"(anonymous_4)","decl":{"start":{"line":66,"column":16},"end":{"line":66,"column":17}},"loc":{"start":{"line":66,"column":25},"end":{"line":68,"column":5}},"line":66},"5":{"name":"(anonymous_5)","decl":{"start":{"line":70,"column":17},"end":{"line":70,"column":18}},"loc":{"start":{"line":70,"column":26},"end":{"line":72,"column":5}},"line":70},"6":{"name":"(anonymous_6)","decl":{"start":{"line":74,"column":16},"end":{"line":74,"column":17}},"loc":{"start":{"line":74,"column":25},"end":{"line":76,"column":5}},"line":74},"7":{"name":"(anonymous_7)","decl":{"start":{"line":78,"column":11},"end":{"line":78,"column":12}},"loc":{"start":{"line":78,"column":20},"end":{"line":80,"column":5}},"line":78},"8":{"name":"(anonymous_8)","decl":{"start":{"line":82,"column":17},"end":{"line":82,"column":18}},"loc":{"start":{"line":82,"column":26},"end":{"line":82,"column":55}},"line":82},"9":{"name":"(anonymous_9)","decl":{"start":{"line":89,"column":16},"end":{"line":89,"column":17}},"loc":{"start":{"line":89,"column":25},"end":{"line":91,"column":5}},"line":89},"10":{"name":"(anonymous_10)","decl":{"start":{"line":103,"column":16},"end":{"line":103,"column":17}},"loc":{"start":{"line":103,"column":25},"end":{"line":105,"column":5}},"line":103},"11":{"name":"(anonymous_11)","decl":{"start":{"line":115,"column":16},"end":{"line":115,"column":17}},"loc":{"start":{"line":115,"column":25},"end":{"line":117,"column":5}},"line":115}},"branchMap":{},"s":{"0":6,"1":6,"2":6,"3":6,"4":6,"5":6,"6":6,"7":6,"8":6,"9":6,"10":6,"11":6,"12":6,"13":6},"f":{"0":6,"1":6,"2":6,"3":6,"4":6,"5":6,"6":6,"7":6,"8":6,"9":6,"10":6,"11":6},"b":{},"_coverageSchema":"1a1c01bbd47fc00a2c39e90264f33305004495a9","hash":"3852dba4d19238281c603769d1397522090abb01"}
,"/Users/mattokc/Documents/tfxjs/lib/extract.js": {"path":"/Users/mattokc/Documents/tfxjs/lib/extract.js","statementMap":{"0":{"start":{"line":6,"column":4},"end":{"line":6,"column":24}},"1":{"start":{"line":15,"column":4},"end":{"line":15,"column":21}},"2":{"start":{"line":28,"column":4},"end":{"line":28,"column":26}},"3":{"start":{"line":30,"column":13},"end":{"line":30,"column":43}},"4":{"start":{"line":31,"column":14},"end":{"line":31,"column":40}},"5":{"start":{"line":32,"column":13},"end":{"line":32,"column":31}},"6":{"start":{"line":33,"column":25},"end":{"line":33,"column":46}},"7":{"start":{"line":35,"column":25},"end":{"line":37,"column":1}},"8":{"start":{"line":38,"column":23},"end":{"line":40,"column":1}},"9":{"start":{"line":41,"column":21},"end":{"line":43,"column":1}},"10":{"start":{"line":45,"column":16},"end":{"line":400,"column":1}},"11":{"start":{"line":64,"column":4},"end":{"line":64,"column":80}},"12":{"start":{"line":65,"column":4},"end":{"line":113,"column":5}},"13":{"start":{"line":66,"column":6},"end":{"line":66,"column":16}},"14":{"start":{"line":70,"column":8},"end":{"line":71,"column":69}},"15":{"start":{"line":73,"column":25},"end":{"line":75,"column":7}},"16":{"start":{"line":77,"column":8},"end":{"line":79,"column":45}},"17":{"start":{"line":84,"column":19},"end":{"line":86,"column":62}},"18":{"start":{"line":87,"column":6},"end":{"line":112,"column":7}},"19":{"start":{"line":88,"column":8},"end":{"line":94,"column":12}},"20":{"start":{"line":96,"column":32},"end":{"line":96,"column":34}},"21":{"start":{"line":98,"column":8},"end":{"line":103,"column":11}},"22":{"start":{"line":99,"column":10},"end":{"line":102,"column":13}},"23":{"start":{"line":105,"column":8},"end":{"line":111,"column":10}},"24":{"start":{"line":131,"column":20},"end":{"line":131,"column":22}},"25":{"start":{"line":132,"column":4},"end":{"line":135,"column":5}},"26":{"start":{"line":133,"column":6},"end":{"line":133,"column":38}},"27":{"start":{"line":134,"column":6},"end":{"line":134,"column":39}},"28":{"start":{"line":137,"column":21},"end":{"line":137,"column":55}},"29":{"start":{"line":140,"column":4},"end":{"line":151,"column":9}},"30":{"start":{"line":141,"column":6},"end":{"line":151,"column":9}},"31":{"start":{"line":142,"column":8},"end":{"line":150,"column":10}},"32":{"start":{"line":155,"column":6},"end":{"line":174,"column":13}},"33":{"start":{"line":176,"column":4},"end":{"line":178,"column":5}},"34":{"start":{"line":177,"column":6},"end":{"line":177,"column":22}},"35":{"start":{"line":180,"column":4},"end":{"line":206,"column":5}},"36":{"start":{"line":182,"column":6},"end":{"line":205,"column":9}},"37":{"start":{"line":185,"column":24},"end":{"line":190,"column":9}},"38":{"start":{"line":191,"column":8},"end":{"line":204,"column":9}},"39":{"start":{"line":192,"column":29},"end":{"line":198,"column":11}},"40":{"start":{"line":200,"column":10},"end":{"line":200,"column":44}},"41":{"start":{"line":203,"column":10},"end":{"line":203,"column":43}},"42":{"start":{"line":208,"column":4},"end":{"line":211,"column":56}},"43":{"start":{"line":209,"column":6},"end":{"line":211,"column":56}},"44":{"start":{"line":213,"column":4},"end":{"line":224,"column":37}},"45":{"start":{"line":247,"column":4},"end":{"line":277,"column":6}},"46":{"start":{"line":248,"column":24},"end":{"line":254,"column":7}},"47":{"start":{"line":255,"column":6},"end":{"line":264,"column":7}},"48":{"start":{"line":256,"column":8},"end":{"line":263,"column":27}},"49":{"start":{"line":265,"column":6},"end":{"line":276,"column":8}},"50":{"start":{"line":301,"column":14},"end":{"line":301,"column":51}},"51":{"start":{"line":302,"column":4},"end":{"line":315,"column":24}},"52":{"start":{"line":324,"column":19},"end":{"line":324,"column":42}},"53":{"start":{"line":326,"column":18},"end":{"line":326,"column":20}},"54":{"start":{"line":328,"column":25},"end":{"line":328,"column":45}},"55":{"start":{"line":329,"column":25},"end":{"line":329,"column":37}},"56":{"start":{"line":331,"column":4},"end":{"line":394,"column":7}},"57":{"start":{"line":332,"column":6},"end":{"line":393,"column":7}},"58":{"start":{"line":334,"column":24},"end":{"line":334,"column":46}},"59":{"start":{"line":335,"column":8},"end":{"line":335,"column":43}},"60":{"start":{"line":336,"column":8},"end":{"line":336,"column":64}},"61":{"start":{"line":337,"column":24},"end":{"line":337,"column":26}},"62":{"start":{"line":339,"column":8},"end":{"line":358,"column":11}},"63":{"start":{"line":340,"column":28},"end":{"line":340,"column":52}},"64":{"start":{"line":341,"column":29},"end":{"line":341,"column":46}},"65":{"start":{"line":342,"column":32},"end":{"line":342,"column":62}},"66":{"start":{"line":343,"column":26},"end":{"line":343,"column":55}},"67":{"start":{"line":344,"column":28},"end":{"line":344,"column":30}},"68":{"start":{"line":346,"column":10},"end":{"line":349,"column":13}},"69":{"start":{"line":347,"column":27},"end":{"line":347,"column":41}},"70":{"start":{"line":348,"column":12},"end":{"line":348,"column":52}},"71":{"start":{"line":351,"column":10},"end":{"line":357,"column":12}},"72":{"start":{"line":360,"column":8},"end":{"line":360,"column":70}},"73":{"start":{"line":361,"column":8},"end":{"line":361,"column":40}},"74":{"start":{"line":363,"column":30},"end":{"line":363,"column":43}},"75":{"start":{"line":365,"column":8},"end":{"line":368,"column":10}},"76":{"start":{"line":370,"column":8},"end":{"line":373,"column":10}},"77":{"start":{"line":375,"column":8},"end":{"line":383,"column":9}},"78":{"start":{"line":377,"column":10},"end":{"line":382,"column":13}},"79":{"start":{"line":379,"column":12},"end":{"line":381,"column":13}},"80":{"start":{"line":380,"column":14},"end":{"line":380,"column":64}},"81":{"start":{"line":385,"column":8},"end":{"line":392,"column":10}},"82":{"start":{"line":395,"column":4},"end":{"line":397,"column":46}},"83":{"start":{"line":398,"column":4},"end":{"line":398,"column":70}},"84":{"start":{"line":402,"column":0},"end":{"line":402,"column":25}}},"fnMap":{"0":{"name":"(anonymous_0)","decl":{"start":{"line":57,"column":20},"end":{"line":57,"column":21}},"loc":{"start":{"line":63,"column":4},"end":{"line":114,"column":3}},"line":63},"1":{"name":"(anonymous_1)","decl":{"start":{"line":98,"column":24},"end":{"line":98,"column":25}},"loc":{"start":{"line":98,"column":33},"end":{"line":103,"column":9}},"line":98},"2":{"name":"(anonymous_2)","decl":{"start":{"line":124,"column":14},"end":{"line":124,"column":15}},"loc":{"start":{"line":130,"column":4},"end":{"line":227,"column":3}},"line":130},"3":{"name":"(anonymous_3)","decl":{"start":{"line":141,"column":33},"end":{"line":141,"column":34}},"loc":{"start":{"line":141,"column":47},"end":{"line":151,"column":7}},"line":141},"4":{"name":"(anonymous_4)","decl":{"start":{"line":182,"column":37},"end":{"line":182,"column":38}},"loc":{"start":{"line":182,"column":48},"end":{"line":205,"column":7}},"line":182},"5":{"name":"(anonymous_5)","decl":{"start":{"line":239,"column":20},"end":{"line":239,"column":21}},"loc":{"start":{"line":246,"column":7},"end":{"line":278,"column":3}},"line":246},"6":{"name":"(anonymous_6)","decl":{"start":{"line":247,"column":11},"end":{"line":247,"column":12}},"loc":{"start":{"line":247,"column":25},"end":{"line":277,"column":5}},"line":247},"7":{"name":"(anonymous_7)","decl":{"start":{"line":291,"column":11},"end":{"line":291,"column":12}},"loc":{"start":{"line":300,"column":4},"end":{"line":316,"column":3}},"line":300},"8":{"name":"(anonymous_8)","decl":{"start":{"line":322,"column":13},"end":{"line":322,"column":14}},"loc":{"start":{"line":322,"column":45},"end":{"line":399,"column":3}},"line":322},"9":{"name":"(anonymous_9)","decl":{"start":{"line":331,"column":22},"end":{"line":331,"column":23}},"loc":{"start":{"line":331,"column":31},"end":{"line":394,"column":5}},"line":331},"10":{"name":"(anonymous_10)","decl":{"start":{"line":339,"column":40},"end":{"line":339,"column":41}},"loc":{"start":{"line":339,"column":54},"end":{"line":358,"column":9}},"line":339},"11":{"name":"(anonymous_11)","decl":{"start":{"line":346,"column":28},"end":{"line":346,"column":29}},"loc":{"start":{"line":346,"column":39},"end":{"line":349,"column":11}},"line":346},"12":{"name":"(anonymous_12)","decl":{"start":{"line":377,"column":42},"end":{"line":377,"column":43}},"loc":{"start":{"line":377,"column":51},"end":{"line":382,"column":11}},"line":377}},"branchMap":{"0":{"loc":{"start":{"line":65,"column":4},"end":{"line":113,"column":5}},"type":"if","locations":[{"start":{"line":65,"column":4},"end":{"line":113,"column":5}},{"start":{"line":67,"column":11},"end":{"line":113,"column":5}}],"line":65},"1":{"loc":{"start":{"line":71,"column":9},"end":{"line":71,"column":68}},"type":"cond-expr","locations":[{"start":{"line":71,"column":43},"end":{"line":71,"column":63}},{"start":{"line":71,"column":66},"end":{"line":71,"column":68}}],"line":71},"2":{"loc":{"start":{"line":77,"column":9},"end":{"line":77,"column":48}},"type":"cond-expr","locations":[{"start":{"line":77,"column":36},"end":{"line":77,"column":43}},{"start":{"line":77,"column":46},"end":{"line":77,"column":48}}],"line":77},"3":{"loc":{"start":{"line":84,"column":19},"end":{"line":86,"column":62}},"type":"cond-expr","locations":[{"start":{"line":85,"column":10},"end":{"line":85,"column":25}},{"start":{"line":86,"column":10},"end":{"line":86,"column":62}}],"line":84},"4":{"loc":{"start":{"line":87,"column":6},"end":{"line":112,"column":7}},"type":"if","locations":[{"start":{"line":87,"column":6},"end":{"line":112,"column":7}},{"start":{"line":95,"column":13},"end":{"line":112,"column":7}}],"line":87},"5":{"loc":{"start":{"line":93,"column":23},"end":{"line":93,"column":34}},"type":"binary-expr","locations":[{"start":{"line":93,"column":23},"end":{"line":93,"column":29}},{"start":{"line":93,"column":33},"end":{"line":93,"column":34}}],"line":93},"6":{"loc":{"start":{"line":132,"column":4},"end":{"line":135,"column":5}},"type":"if","locations":[{"start":{"line":132,"column":4},"end":{"line":135,"column":5}},{"start":{},"end":{}}],"line":132},"7":{"loc":{"start":{"line":140,"column":4},"end":{"line":151,"column":9}},"type":"if","locations":[{"start":{"line":140,"column":4},"end":{"line":151,"column":9}},{"start":{},"end":{}}],"line":140},"8":{"loc":{"start":{"line":155,"column":6},"end":{"line":174,"column":13}},"type":"cond-expr","locations":[{"start":{"line":157,"column":10},"end":{"line":162,"column":11}},{"start":{"line":163,"column":10},"end":{"line":174,"column":13}}],"line":155},"9":{"loc":{"start":{"line":155,"column":6},"end":{"line":155,"column":51}},"type":"binary-expr","locations":[{"start":{"line":155,"column":6},"end":{"line":155,"column":27}},{"start":{"line":155,"column":31},"end":{"line":155,"column":51}}],"line":155},"10":{"loc":{"start":{"line":163,"column":10},"end":{"line":174,"column":13}},"type":"cond-expr","locations":[{"start":{"line":164,"column":10},"end":{"line":164,"column":12}},{"start":{"line":165,"column":10},"end":{"line":174,"column":13}}],"line":163},"11":{"loc":{"start":{"line":172,"column":16},"end":{"line":172,"column":68}},"type":"cond-expr","locations":[{"start":{"line":172,"column":41},"end":{"line":172,"column":45}},{"start":{"line":172,"column":48},"end":{"line":172,"column":68}}],"line":172},"12":{"loc":{"start":{"line":176,"column":4},"end":{"line":178,"column":5}},"type":"if","locations":[{"start":{"line":176,"column":4},"end":{"line":178,"column":5}},{"start":{},"end":{}}],"line":176},"13":{"loc":{"start":{"line":176,"column":8},"end":{"line":176,"column":66}},"type":"binary-expr","locations":[{"start":{"line":176,"column":8},"end":{"line":176,"column":29}},{"start":{"line":176,"column":33},"end":{"line":176,"column":66}}],"line":176},"14":{"loc":{"start":{"line":180,"column":4},"end":{"line":206,"column":5}},"type":"if","locations":[{"start":{"line":180,"column":4},"end":{"line":206,"column":5}},{"start":{},"end":{}}],"line":180},"15":{"loc":{"start":{"line":189,"column":10},"end":{"line":189,"column":52}},"type":"cond-expr","locations":[{"start":{"line":189,"column":34},"end":{"line":189,"column":38}},{"start":{"line":189,"column":41},"end":{"line":189,"column":52}}],"line":189},"16":{"loc":{"start":{"line":191,"column":8},"end":{"line":204,"column":9}},"type":"if","locations":[{"start":{"line":191,"column":8},"end":{"line":204,"column":9}},{"start":{"line":201,"column":15},"end":{"line":204,"column":9}}],"line":191},"17":{"loc":{"start":{"line":208,"column":4},"end":{"line":211,"column":56}},"type":"if","locations":[{"start":{"line":208,"column":4},"end":{"line":211,"column":56}},{"start":{},"end":{}}],"line":208},"18":{"loc":{"start":{"line":213,"column":11},"end":{"line":224,"column":37}},"type":"cond-expr","locations":[{"start":{"line":214,"column":8},"end":{"line":214,"column":18}},{"start":{"line":215,"column":8},"end":{"line":224,"column":37}}],"line":213},"19":{"loc":{"start":{"line":213,"column":11},"end":{"line":213,"column":46}},"type":"binary-expr","locations":[{"start":{"line":213,"column":11},"end":{"line":213,"column":22}},{"start":{"line":213,"column":26},"end":{"line":213,"column":46}}],"line":213},"20":{"loc":{"start":{"line":255,"column":6},"end":{"line":264,"column":7}},"type":"if","locations":[{"start":{"line":255,"column":6},"end":{"line":264,"column":7}},{"start":{},"end":{}}],"line":255},"21":{"loc":{"start":{"line":266,"column":8},"end":{"line":275,"column":23}},"type":"cond-expr","locations":[{"start":{"line":267,"column":12},"end":{"line":274,"column":15}},{"start":{"line":275,"column":12},"end":{"line":275,"column":23}}],"line":266},"22":{"loc":{"start":{"line":329,"column":25},"end":{"line":329,"column":37}},"type":"binary-expr","locations":[{"start":{"line":329,"column":25},"end":{"line":329,"column":31}},{"start":{"line":329,"column":35},"end":{"line":329,"column":37}}],"line":329},"23":{"loc":{"start":{"line":332,"column":6},"end":{"line":393,"column":7}},"type":"if","locations":[{"start":{"line":332,"column":6},"end":{"line":393,"column":7}},{"start":{"line":362,"column":13},"end":{"line":393,"column":7}}],"line":332},"24":{"loc":{"start":{"line":367,"column":10},"end":{"line":367,"column":63}},"type":"binary-expr","locations":[{"start":{"line":367,"column":10},"end":{"line":367,"column":42}},{"start":{"line":367,"column":46},"end":{"line":367,"column":63}}],"line":367},"25":{"loc":{"start":{"line":372,"column":10},"end":{"line":372,"column":63}},"type":"binary-expr","locations":[{"start":{"line":372,"column":10},"end":{"line":372,"column":42}},{"start":{"line":372,"column":46},"end":{"line":372,"column":63}}],"line":372},"26":{"loc":{"start":{"line":375,"column":8},"end":{"line":383,"column":9}},"type":"if","locations":[{"start":{"line":375,"column":8},"end":{"line":383,"column":9}},{"start":{},"end":{}}],"line":375},"27":{"loc":{"start":{"line":379,"column":12},"end":{"line":381,"column":13}},"type":"if","locations":[{"start":{"line":379,"column":12},"end":{"line":381,"column":13}},{"start":{},"end":{}}],"line":379}},"s":{"0":1,"1":1,"2":1,"3":1,"4":1,"5":1,"6":1,"7":1,"8":1,"9":1,"10":1,"11":0,"12":0,"13":0,"14":0,"15":0,"16":0,"17":0,"18":0,"19":0,"20":0,"21":0,"22":0,"23":0,"24":0,"25":0,"26":0,"27":0,"28":0,"29":0,"30":0,"31":0,"32":0,"33":0,"34":0,"35":0,"36":0,"37":0,"38":0,"39":0,"40":0,"41":0,"42":0,"43":0,"44":0,"45":0,"46":0,"47":0,"48":0,"49":0,"50":0,"51":0,"52":0,"53":0,"54":0,"55":0,"56":0,"57":0,"58":0,"59":0,"60":0,"61":0,"62":0,"63":0,"64":0,"65":0,"66":0,"67":0,"68":0,"69":0,"70":0,"71":0,"72":0,"73":0,"74":0,"75":0,"76":0,"77":0,"78":0,"79":0,"80":0,"81":0,"82":0,"83":0,"84":1},"f":{"0":0,"1":0,"2":0,"3":0,"4":0,"5":0,"6":0,"7":0,"8":0,"9":0,"10":0,"11":0,"12":0},"b":{"0":[0,0],"1":[0,0],"2":[0,0],"3":[0,0],"4":[0,0],"5":[0,0],"6":[0,0],"7":[0,0],"8":[0,0],"9":[0,0],"10":[0,0],"11":[0,0],"12":[0,0],"13":[0,0],"14":[0,0],"15":[0,0],"16":[0,0],"17":[0,0],"18":[0,0],"19":[0,0],"20":[0,0],"21":[0,0],"22":[0,0],"23":[0,0],"24":[0,0],"25":[0,0],"26":[0,0],"27":[0,0]},"_coverageSchema":"1a1c01bbd47fc00a2c39e90264f33305004495a9","hash":"12f763bef7f6833bed8f281cc556ae41b33ad077"}
,"/Users/mattokc/Documents/tfxjs/lib/helpers.js": {"path":"/Users/mattokc/Documents/tfxjs/lib/helpers.js","statementMap":{"0":{"start":{"line":20,"column":4},"end":{"line":20,"column":21}},"1":{"start":{"line":21,"column":14},"end":{"line":21,"column":30}},"2":{"start":{"line":22,"column":30},"end":{"line":22,"column":61}},"3":{"start":{"line":23,"column":18},"end":{"line":23,"column":40}},"4":{"start":{"line":25,"column":16},"end":{"line":468,"column":1}},"5":{"start":{"line":35,"column":18},"end":{"line":38,"column":5}},"6":{"start":{"line":40,"column":4},"end":{"line":59,"column":5}},"7":{"start":{"line":42,"column":6},"end":{"line":42,"column":41}},"8":{"start":{"line":43,"column":6},"end":{"line":48,"column":8}},"9":{"start":{"line":49,"column":6},"end":{"line":53,"column":8}},"10":{"start":{"line":54,"column":6},"end":{"line":58,"column":8}},"11":{"start":{"line":61,"column":4},"end":{"line":61,"column":19}},"12":{"start":{"line":69,"column":4},"end":{"line":69,"column":67}},"13":{"start":{"line":70,"column":4},"end":{"line":78,"column":7}},"14":{"start":{"line":71,"column":6},"end":{"line":71,"column":66}},"15":{"start":{"line":72,"column":6},"end":{"line":72,"column":58}},"16":{"start":{"line":72,"column":41},"end":{"line":72,"column":58}},"17":{"start":{"line":73,"column":6},"end":{"line":77,"column":8}},"18":{"start":{"line":87,"column":23},"end":{"line":87,"column":25}},"19":{"start":{"line":88,"column":17},"end":{"line":88,"column":33}},"20":{"start":{"line":91,"column":4},"end":{"line":93,"column":5}},"21":{"start":{"line":92,"column":6},"end":{"line":92,"column":29}},"22":{"start":{"line":95,"column":4},"end":{"line":97,"column":5}},"23":{"start":{"line":96,"column":6},"end":{"line":96,"column":31}},"24":{"start":{"line":99,"column":4},"end":{"line":102,"column":7}},"25":{"start":{"line":100,"column":6},"end":{"line":100,"column":38}},"26":{"start":{"line":101,"column":6},"end":{"line":101,"column":48}},"27":{"start":{"line":101,"column":28},"end":{"line":101,"column":48}},"28":{"start":{"line":104,"column":4},"end":{"line":104,"column":24}},"29":{"start":{"line":115,"column":21},"end":{"line":118,"column":5}},"30":{"start":{"line":120,"column":4},"end":{"line":132,"column":7}},"31":{"start":{"line":122,"column":6},"end":{"line":131,"column":7}},"32":{"start":{"line":123,"column":8},"end":{"line":123,"column":45}},"33":{"start":{"line":124,"column":8},"end":{"line":124,"column":38}},"34":{"start":{"line":125,"column":13},"end":{"line":131,"column":7}},"35":{"start":{"line":126,"column":29},"end":{"line":129,"column":9}},"36":{"start":{"line":130,"column":8},"end":{"line":130,"column":36}},"37":{"start":{"line":134,"column":4},"end":{"line":134,"column":22}},"38":{"start":{"line":150,"column":25},"end":{"line":150,"column":27}},"39":{"start":{"line":151,"column":4},"end":{"line":151,"column":69}},"40":{"start":{"line":153,"column":4},"end":{"line":162,"column":7}},"41":{"start":{"line":158,"column":8},"end":{"line":158,"column":76}},"42":{"start":{"line":160,"column":6},"end":{"line":161,"column":46}},"43":{"start":{"line":161,"column":8},"end":{"line":161,"column":46}},"44":{"start":{"line":164,"column":4},"end":{"line":164,"column":47}},"45":{"start":{"line":174,"column":25},"end":{"line":181,"column":5}},"46":{"start":{"line":183,"column":4},"end":{"line":189,"column":7}},"47":{"start":{"line":185,"column":6},"end":{"line":188,"column":7}},"48":{"start":{"line":187,"column":8},"end":{"line":187,"column":43}},"49":{"start":{"line":191,"column":4},"end":{"line":191,"column":26}},"50":{"start":{"line":202,"column":4},"end":{"line":260,"column":5}},"51":{"start":{"line":203,"column":6},"end":{"line":211,"column":7}},"52":{"start":{"line":204,"column":8},"end":{"line":204,"column":40}},"53":{"start":{"line":205,"column":8},"end":{"line":205,"column":43}},"54":{"start":{"line":206,"column":8},"end":{"line":206,"column":27}},"55":{"start":{"line":209,"column":8},"end":{"line":209,"column":40}},"56":{"start":{"line":210,"column":8},"end":{"line":210,"column":34}},"57":{"start":{"line":212,"column":6},"end":{"line":237,"column":7}},"58":{"start":{"line":216,"column":8},"end":{"line":220,"column":10}},"59":{"start":{"line":221,"column":13},"end":{"line":237,"column":7}},"60":{"start":{"line":223,"column":8},"end":{"line":227,"column":10}},"61":{"start":{"line":228,"column":13},"end":{"line":237,"column":7}},"62":{"start":{"line":232,"column":8},"end":{"line":236,"column":10}},"63":{"start":{"line":240,"column":6},"end":{"line":259,"column":7}},"64":{"start":{"line":242,"column":8},"end":{"line":246,"column":10}},"65":{"start":{"line":247,"column":13},"end":{"line":259,"column":7}},"66":{"start":{"line":252,"column":8},"end":{"line":256,"column":10}},"67":{"start":{"line":258,"column":8},"end":{"line":258,"column":18}},"68":{"start":{"line":261,"column":4},"end":{"line":264,"column":6}},"69":{"start":{"line":274,"column":4},"end":{"line":292,"column":5}},"70":{"start":{"line":275,"column":6},"end":{"line":275,"column":18}},"71":{"start":{"line":277,"column":6},"end":{"line":291,"column":7}},"72":{"start":{"line":279,"column":10},"end":{"line":281,"column":48}},"73":{"start":{"line":282,"column":25},"end":{"line":282,"column":49}},"74":{"start":{"line":283,"column":25},"end":{"line":283,"column":76}},"75":{"start":{"line":284,"column":8},"end":{"line":288,"column":10}},"76":{"start":{"line":290,"column":8},"end":{"line":290,"column":21}},"77":{"start":{"line":303,"column":4},"end":{"line":309,"column":5}},"78":{"start":{"line":304,"column":6},"end":{"line":304,"column":29}},"79":{"start":{"line":305,"column":11},"end":{"line":309,"column":5}},"80":{"start":{"line":306,"column":6},"end":{"line":306,"column":51}},"81":{"start":{"line":308,"column":6},"end":{"line":308,"column":45}},"82":{"start":{"line":317,"column":18},"end":{"line":317,"column":20}},"83":{"start":{"line":318,"column":4},"end":{"line":326,"column":7}},"84":{"start":{"line":319,"column":6},"end":{"line":325,"column":7}},"85":{"start":{"line":322,"column":8},"end":{"line":324,"column":10}},"86":{"start":{"line":327,"column":4},"end":{"line":329,"column":5}},"87":{"start":{"line":328,"column":6},"end":{"line":328,"column":53}},"88":{"start":{"line":338,"column":4},"end":{"line":338,"column":62}},"89":{"start":{"line":339,"column":16},"end":{"line":339,"column":31}},"90":{"start":{"line":340,"column":19},"end":{"line":340,"column":21}},"91":{"start":{"line":341,"column":4},"end":{"line":349,"column":7}},"92":{"start":{"line":344,"column":22},"end":{"line":344,"column":36}},"93":{"start":{"line":346,"column":6},"end":{"line":346,"column":48}},"94":{"start":{"line":348,"column":6},"end":{"line":348,"column":40}},"95":{"start":{"line":351,"column":4},"end":{"line":351,"column":30}},"96":{"start":{"line":361,"column":4},"end":{"line":366,"column":5}},"97":{"start":{"line":362,"column":6},"end":{"line":362,"column":16}},"98":{"start":{"line":364,"column":9},"end":{"line":366,"column":5}},"99":{"start":{"line":365,"column":6},"end":{"line":365,"column":16}},"100":{"start":{"line":367,"column":4},"end":{"line":367,"column":73}},"101":{"start":{"line":368,"column":17},"end":{"line":368,"column":19}},"102":{"start":{"line":371,"column":4},"end":{"line":384,"column":7}},"103":{"start":{"line":372,"column":18},"end":{"line":372,"column":26}},"104":{"start":{"line":374,"column":6},"end":{"line":383,"column":7}},"105":{"start":{"line":375,"column":8},"end":{"line":375,"column":28}},"106":{"start":{"line":378,"column":11},"end":{"line":383,"column":7}},"107":{"start":{"line":379,"column":29},"end":{"line":379,"column":70}},"108":{"start":{"line":382,"column":8},"end":{"line":382,"column":76}},"109":{"start":{"line":382,"column":47},"end":{"line":382,"column":76}},"110":{"start":{"line":386,"column":4},"end":{"line":386,"column":18}},"111":{"start":{"line":391,"column":4},"end":{"line":391,"column":67}},"112":{"start":{"line":392,"column":4},"end":{"line":392,"column":63}},"113":{"start":{"line":393,"column":19},"end":{"line":393,"column":34}},"114":{"start":{"line":394,"column":19},"end":{"line":394,"column":21}},"115":{"start":{"line":395,"column":4},"end":{"line":397,"column":5}},"116":{"start":{"line":396,"column":6},"end":{"line":396,"column":22}},"117":{"start":{"line":398,"column":4},"end":{"line":400,"column":5}},"118":{"start":{"line":398,"column":17},"end":{"line":398,"column":18}},"119":{"start":{"line":399,"column":6},"end":{"line":399,"column":43}},"120":{"start":{"line":401,"column":4},"end":{"line":401,"column":31}},"121":{"start":{"line":409,"column":25},"end":{"line":417,"column":16}},"122":{"start":{"line":411,"column":8},"end":{"line":411,"column":31}},"123":{"start":{"line":415,"column":8},"end":{"line":415,"column":26}},"124":{"start":{"line":418,"column":40},"end":{"line":422,"column":16}},"125":{"start":{"line":420,"column":8},"end":{"line":420,"column":62}},"126":{"start":{"line":423,"column":25},"end":{"line":423,"column":71}},"127":{"start":{"line":424,"column":24},"end":{"line":428,"column":33}},"128":{"start":{"line":429,"column":4},"end":{"line":429,"column":50}},"129":{"start":{"line":438,"column":17},"end":{"line":438,"column":19}},"130":{"start":{"line":439,"column":4},"end":{"line":439,"column":63}},"131":{"start":{"line":439,"column":49},"end":{"line":439,"column":63}},"132":{"start":{"line":441,"column":4},"end":{"line":464,"column":5}},"133":{"start":{"line":442,"column":26},"end":{"line":442,"column":55}},"134":{"start":{"line":443,"column":23},"end":{"line":443,"column":47}},"135":{"start":{"line":444,"column":16},"end":{"line":444,"column":29}},"136":{"start":{"line":445,"column":18},"end":{"line":445,"column":31}},"137":{"start":{"line":446,"column":32},"end":{"line":451,"column":18}},"138":{"start":{"line":452,"column":6},"end":{"line":461,"column":7}},"139":{"start":{"line":454,"column":8},"end":{"line":454,"column":32}},"140":{"start":{"line":455,"column":13},"end":{"line":461,"column":7}},"141":{"start":{"line":457,"column":8},"end":{"line":457,"column":31}},"142":{"start":{"line":460,"column":8},"end":{"line":460,"column":66}},"143":{"start":{"line":463,"column":6},"end":{"line":463,"column":26}},"144":{"start":{"line":465,"column":4},"end":{"line":465,"column":31}},"145":{"start":{"line":466,"column":4},"end":{"line":466,"column":18}},"146":{"start":{"line":471,"column":0},"end":{"line":471,"column":25}}},"fnMap":{"0":{"name":"(anonymous_0)","decl":{"start":{"line":34,"column":21},"end":{"line":34,"column":22}},"loc":{"start":{"line":34,"column":57},"end":{"line":62,"column":3}},"line":34},"1":{"name":"(anonymous_1)","decl":{"start":{"line":68,"column":22},"end":{"line":68,"column":23}},"loc":{"start":{"line":68,"column":43},"end":{"line":79,"column":3}},"line":68},"2":{"name":"(anonymous_2)","decl":{"start":{"line":70,"column":22},"end":{"line":70,"column":23}},"loc":{"start":{"line":70,"column":32},"end":{"line":78,"column":5}},"line":70},"3":{"name":"(anonymous_3)","decl":{"start":{"line":86,"column":15},"end":{"line":86,"column":16}},"loc":{"start":{"line":86,"column":35},"end":{"line":105,"column":3}},"line":86},"4":{"name":"(anonymous_4)","decl":{"start":{"line":99,"column":19},"end":{"line":99,"column":20}},"loc":{"start":{"line":99,"column":30},"end":{"line":102,"column":5}},"line":99},"5":{"name":"(anonymous_5)","decl":{"start":{"line":113,"column":20},"end":{"line":113,"column":21}},"loc":{"start":{"line":113,"column":57},"end":{"line":135,"column":3}},"line":113},"6":{"name":"(anonymous_6)","decl":{"start":{"line":120,"column":23},"end":{"line":120,"column":24}},"loc":{"start":{"line":120,"column":34},"end":{"line":132,"column":5}},"line":120},"7":{"name":"(anonymous_7)","decl":{"start":{"line":144,"column":21},"end":{"line":144,"column":22}},"loc":{"start":{"line":148,"column":4},"end":{"line":165,"column":3}},"line":148},"8":{"name":"(anonymous_8)","decl":{"start":{"line":153,"column":32},"end":{"line":153,"column":33}},"loc":{"start":{"line":153,"column":46},"end":{"line":162,"column":5}},"line":153},"9":{"name":"(anonymous_9)","decl":{"start":{"line":172,"column":26},"end":{"line":172,"column":27}},"loc":{"start":{"line":172,"column":45},"end":{"line":192,"column":3}},"line":172},"10":{"name":"(anonymous_10)","decl":{"start":{"line":183,"column":28},"end":{"line":183,"column":29}},"loc":{"start":{"line":183,"column":37},"end":{"line":189,"column":5}},"line":183},"11":{"name":"(anonymous_11)","decl":{"start":{"line":200,"column":19},"end":{"line":200,"column":20}},"loc":{"start":{"line":200,"column":46},"end":{"line":265,"column":3}},"line":200},"12":{"name":"(anonymous_12)","decl":{"start":{"line":273,"column":22},"end":{"line":273,"column":23}},"loc":{"start":{"line":273,"column":53},"end":{"line":293,"column":3}},"line":273},"13":{"name":"(anonymous_13)","decl":{"start":{"line":302,"column":27},"end":{"line":302,"column":28}},"loc":{"start":{"line":302,"column":78},"end":{"line":310,"column":3}},"line":302},"14":{"name":"(anonymous_14)","decl":{"start":{"line":316,"column":14},"end":{"line":316,"column":15}},"loc":{"start":{"line":316,"column":37},"end":{"line":330,"column":3}},"line":316},"15":{"name":"(anonymous_15)","decl":{"start":{"line":318,"column":25},"end":{"line":318,"column":26}},"loc":{"start":{"line":318,"column":34},"end":{"line":326,"column":5}},"line":318},"16":{"name":"(anonymous_16)","decl":{"start":{"line":337,"column":19},"end":{"line":337,"column":20}},"loc":{"start":{"line":337,"column":34},"end":{"line":352,"column":3}},"line":337},"17":{"name":"(anonymous_17)","decl":{"start":{"line":341,"column":18},"end":{"line":341,"column":19}},"loc":{"start":{"line":341,"column":28},"end":{"line":349,"column":5}},"line":341},"18":{"name":"(anonymous_18)","decl":{"start":{"line":360,"column":30},"end":{"line":360,"column":31}},"loc":{"start":{"line":360,"column":54},"end":{"line":388,"column":3}},"line":360},"19":{"name":"(anonymous_19)","decl":{"start":{"line":371,"column":17},"end":{"line":371,"column":18}},"loc":{"start":{"line":371,"column":26},"end":{"line":384,"column":5}},"line":371},"20":{"name":"(anonymous_20)","decl":{"start":{"line":390,"column":14},"end":{"line":390,"column":15}},"loc":{"start":{"line":390,"column":37},"end":{"line":402,"column":3}},"line":390},"21":{"name":"(anonymous_21)","decl":{"start":{"line":408,"column":20},"end":{"line":408,"column":21}},"loc":{"start":{"line":408,"column":39},"end":{"line":430,"column":3}},"line":408},"22":{"name":"(anonymous_22)","decl":{"start":{"line":410,"column":13},"end":{"line":410,"column":14}},"loc":{"start":{"line":410,"column":22},"end":{"line":412,"column":7}},"line":410},"23":{"name":"(anonymous_23)","decl":{"start":{"line":414,"column":13},"end":{"line":414,"column":14}},"loc":{"start":{"line":414,"column":22},"end":{"line":416,"column":7}},"line":414},"24":{"name":"(anonymous_24)","decl":{"start":{"line":419,"column":13},"end":{"line":419,"column":14}},"loc":{"start":{"line":419,"column":22},"end":{"line":421,"column":7}},"line":419},"25":{"name":"(anonymous_25)","decl":{"start":{"line":437,"column":25},"end":{"line":437,"column":26}},"loc":{"start":{"line":437,"column":45},"end":{"line":467,"column":3}},"line":437}},"branchMap":{"0":{"loc":{"start":{"line":40,"column":4},"end":{"line":59,"column":5}},"type":"if","locations":[{"start":{"line":40,"column":4},"end":{"line":59,"column":5}},{"start":{},"end":{}}],"line":40},"1":{"loc":{"start":{"line":72,"column":6},"end":{"line":72,"column":58}},"type":"if","locations":[{"start":{"line":72,"column":6},"end":{"line":72,"column":58}},{"start":{},"end":{}}],"line":72},"2":{"loc":{"start":{"line":91,"column":4},"end":{"line":93,"column":5}},"type":"if","locations":[{"start":{"line":91,"column":4},"end":{"line":93,"column":5}},{"start":{},"end":{}}],"line":91},"3":{"loc":{"start":{"line":95,"column":4},"end":{"line":97,"column":5}},"type":"if","locations":[{"start":{"line":95,"column":4},"end":{"line":97,"column":5}},{"start":{},"end":{}}],"line":95},"4":{"loc":{"start":{"line":101,"column":6},"end":{"line":101,"column":48}},"type":"if","locations":[{"start":{"line":101,"column":6},"end":{"line":101,"column":48}},{"start":{},"end":{}}],"line":101},"5":{"loc":{"start":{"line":122,"column":6},"end":{"line":131,"column":7}},"type":"if","locations":[{"start":{"line":122,"column":6},"end":{"line":131,"column":7}},{"start":{"line":125,"column":13},"end":{"line":131,"column":7}}],"line":122},"6":{"loc":{"start":{"line":125,"column":13},"end":{"line":131,"column":7}},"type":"if","locations":[{"start":{"line":125,"column":13},"end":{"line":131,"column":7}},{"start":{},"end":{}}],"line":125},"7":{"loc":{"start":{"line":125,"column":17},"end":{"line":125,"column":71}},"type":"binary-expr","locations":[{"start":{"line":125,"column":17},"end":{"line":125,"column":37}},{"start":{"line":125,"column":41},"end":{"line":125,"column":71}}],"line":125},"8":{"loc":{"start":{"line":158,"column":8},"end":{"line":158,"column":76}},"type":"cond-expr","locations":[{"start":{"line":158,"column":25},"end":{"line":158,"column":41}},{"start":{"line":158,"column":44},"end":{"line":158,"column":76}}],"line":158},"9":{"loc":{"start":{"line":160,"column":6},"end":{"line":161,"column":46}},"type":"if","locations":[{"start":{"line":160,"column":6},"end":{"line":161,"column":46}},{"start":{},"end":{}}],"line":160},"10":{"loc":{"start":{"line":185,"column":6},"end":{"line":188,"column":7}},"type":"if","locations":[{"start":{"line":185,"column":6},"end":{"line":188,"column":7}},{"start":{},"end":{}}],"line":185},"11":{"loc":{"start":{"line":185,"column":10},"end":{"line":185,"column":55}},"type":"binary-expr","locations":[{"start":{"line":185,"column":10},"end":{"line":185,"column":25}},{"start":{"line":185,"column":29},"end":{"line":185,"column":55}}],"line":185},"12":{"loc":{"start":{"line":203,"column":6},"end":{"line":211,"column":7}},"type":"if","locations":[{"start":{"line":203,"column":6},"end":{"line":211,"column":7}},{"start":{"line":207,"column":13},"end":{"line":211,"column":7}}],"line":203},"13":{"loc":{"start":{"line":212,"column":6},"end":{"line":237,"column":7}},"type":"if","locations":[{"start":{"line":212,"column":6},"end":{"line":237,"column":7}},{"start":{"line":221,"column":13},"end":{"line":237,"column":7}}],"line":212},"14":{"loc":{"start":{"line":213,"column":8},"end":{"line":214,"column":46}},"type":"binary-expr","locations":[{"start":{"line":213,"column":8},"end":{"line":213,"column":28}},{"start":{"line":214,"column":8},"end":{"line":214,"column":46}}],"line":213},"15":{"loc":{"start":{"line":221,"column":13},"end":{"line":237,"column":7}},"type":"if","locations":[{"start":{"line":221,"column":13},"end":{"line":237,"column":7}},{"start":{"line":228,"column":13},"end":{"line":237,"column":7}}],"line":221},"16":{"loc":{"start":{"line":221,"column":17},"end":{"line":221,"column":74}},"type":"binary-expr","locations":[{"start":{"line":221,"column":17},"end":{"line":221,"column":37}},{"start":{"line":221,"column":41},"end":{"line":221,"column":74}}],"line":221},"17":{"loc":{"start":{"line":228,"column":13},"end":{"line":237,"column":7}},"type":"if","locations":[{"start":{"line":228,"column":13},"end":{"line":237,"column":7}},{"start":{},"end":{}}],"line":228},"18":{"loc":{"start":{"line":229,"column":8},"end":{"line":230,"column":51}},"type":"binary-expr","locations":[{"start":{"line":229,"column":8},"end":{"line":229,"column":35}},{"start":{"line":230,"column":8},"end":{"line":230,"column":51}}],"line":229},"19":{"loc":{"start":{"line":240,"column":6},"end":{"line":259,"column":7}},"type":"if","locations":[{"start":{"line":240,"column":6},"end":{"line":259,"column":7}},{"start":{"line":247,"column":13},"end":{"line":259,"column":7}}],"line":240},"20":{"loc":{"start":{"line":247,"column":13},"end":{"line":259,"column":7}},"type":"if","locations":[{"start":{"line":247,"column":13},"end":{"line":259,"column":7}},{"start":{"line":257,"column":13},"end":{"line":259,"column":7}}],"line":247},"21":{"loc":{"start":{"line":248,"column":8},"end":{"line":249,"column":35}},"type":"binary-expr","locations":[{"start":{"line":248,"column":8},"end":{"line":248,"column":53}},{"start":{"line":249,"column":8},"end":{"line":249,"column":35}}],"line":248},"22":{"loc":{"start":{"line":274,"column":4},"end":{"line":292,"column":5}},"type":"if","locations":[{"start":{"line":274,"column":4},"end":{"line":292,"column":5}},{"start":{"line":276,"column":11},"end":{"line":292,"column":5}}],"line":274},"23":{"loc":{"start":{"line":279,"column":10},"end":{"line":281,"column":48}},"type":"cond-expr","locations":[{"start":{"line":280,"column":14},"end":{"line":280,"column":21}},{"start":{"line":281,"column":14},"end":{"line":281,"column":48}}],"line":279},"24":{"loc":{"start":{"line":303,"column":4},"end":{"line":309,"column":5}},"type":"if","locations":[{"start":{"line":303,"column":4},"end":{"line":309,"column":5}},{"start":{"line":305,"column":11},"end":{"line":309,"column":5}}],"line":303},"25":{"loc":{"start":{"line":305,"column":11},"end":{"line":309,"column":5}},"type":"if","locations":[{"start":{"line":305,"column":11},"end":{"line":309,"column":5}},{"start":{"line":307,"column":11},"end":{"line":309,"column":5}}],"line":305},"26":{"loc":{"start":{"line":319,"column":6},"end":{"line":325,"column":7}},"type":"if","locations":[{"start":{"line":319,"column":6},"end":{"line":325,"column":7}},{"start":{},"end":{}}],"line":319},"27":{"loc":{"start":{"line":327,"column":4},"end":{"line":329,"column":5}},"type":"if","locations":[{"start":{"line":327,"column":4},"end":{"line":329,"column":5}},{"start":{},"end":{}}],"line":327},"28":{"loc":{"start":{"line":361,"column":4},"end":{"line":366,"column":5}},"type":"if","locations":[{"start":{"line":361,"column":4},"end":{"line":366,"column":5}},{"start":{"line":364,"column":9},"end":{"line":366,"column":5}}],"line":361},"29":{"loc":{"start":{"line":364,"column":9},"end":{"line":366,"column":5}},"type":"if","locations":[{"start":{"line":364,"column":9},"end":{"line":366,"column":5}},{"start":{},"end":{}}],"line":364},"30":{"loc":{"start":{"line":374,"column":6},"end":{"line":383,"column":7}},"type":"if","locations":[{"start":{"line":374,"column":6},"end":{"line":383,"column":7}},{"start":{"line":378,"column":11},"end":{"line":383,"column":7}}],"line":374},"31":{"loc":{"start":{"line":374,"column":10},"end":{"line":374,"column":68}},"type":"binary-expr","locations":[{"start":{"line":374,"column":10},"end":{"line":374,"column":24}},{"start":{"line":374,"column":29},"end":{"line":374,"column":56}},{"start":{"line":374,"column":60},"end":{"line":374,"column":67}}],"line":374},"32":{"loc":{"start":{"line":378,"column":11},"end":{"line":383,"column":7}},"type":"if","locations":[{"start":{"line":378,"column":11},"end":{"line":383,"column":7}},{"start":{},"end":{}}],"line":378},"33":{"loc":{"start":{"line":378,"column":15},"end":{"line":378,"column":72}},"type":"binary-expr","locations":[{"start":{"line":378,"column":15},"end":{"line":378,"column":42}},{"start":{"line":378,"column":46},"end":{"line":378,"column":60}},{"start":{"line":378,"column":64},"end":{"line":378,"column":72}}],"line":378},"34":{"loc":{"start":{"line":382,"column":8},"end":{"line":382,"column":76}},"type":"if","locations":[{"start":{"line":382,"column":8},"end":{"line":382,"column":76}},{"start":{},"end":{}}],"line":382},"35":{"loc":{"start":{"line":439,"column":4},"end":{"line":439,"column":63}},"type":"if","locations":[{"start":{"line":439,"column":4},"end":{"line":439,"column":63}},{"start":{},"end":{}}],"line":439},"36":{"loc":{"start":{"line":452,"column":6},"end":{"line":461,"column":7}},"type":"if","locations":[{"start":{"line":452,"column":6},"end":{"line":461,"column":7}},{"start":{"line":455,"column":13},"end":{"line":461,"column":7}}],"line":452},"37":{"loc":{"start":{"line":455,"column":13},"end":{"line":461,"column":7}},"type":"if","locations":[{"start":{"line":455,"column":13},"end":{"line":461,"column":7}},{"start":{"line":458,"column":13},"end":{"line":461,"column":7}}],"line":455}},"s":{"0":3,"1":3,"2":3,"3":3,"4":3,"5":3,"6":3,"7":1,"8":1,"9":1,"10":1,"11":3,"12":2,"13":2,"14":2,"15":2,"16":1,"17":2,"18":15,"19":15,"20":15,"21":9,"22":15,"23":13,"24":15,"25":52,"26":52,"27":37,"28":15,"29":14,"30":14,"31":17,"32":7,"33":7,"34":10,"35":4,"36":4,"37":13,"38":7,"39":7,"40":7,"41":7,"42":7,"43":5,"44":7,"45":5,"46":5,"47":30,"48":17,"49":5,"50":13,"51":13,"52":6,"53":6,"54":5,"55":7,"56":7,"57":11,"58":1,"59":10,"60":1,"61":9,"62":1,"63":6,"64":2,"65":4,"66":1,"67":3,"68":7,"69":9,"70":3,"71":6,"72":6,"73":6,"74":6,"75":5,"76":1,"77":5,"78":1,"79":4,"80":3,"81":1,"82":5,"83":5,"84":15,"85":2,"86":5,"87":1,"88":3,"89":3,"90":3,"91":3,"92":10,"93":10,"94":10,"95":3,"96":9,"97":3,"98":6,"99":0,"100":6,"101":6,"102":6,"103":11,"104":11,"105":4,"106":7,"107":4,"108":4,"109":2,"110":6,"111":0,"112":0,"113":0,"114":0,"115":0,"116":0,"117":0,"118":0,"119":0,"120":0,"121":2,"122":2,"123":2,"124":2,"125":2,"126":2,"127":2,"128":2,"129":4,"130":4,"131":1,"132":3,"133":9,"134":9,"135":9,"136":9,"137":9,"138":9,"139":3,"140":6,"141":3,"142":3,"143":9,"144":3,"145":3,"146":3},"f":{"0":3,"1":2,"2":2,"3":15,"4":52,"5":14,"6":17,"7":7,"8":7,"9":5,"10":30,"11":13,"12":9,"13":5,"14":5,"15":15,"16":3,"17":10,"18":9,"19":11,"20":0,"21":2,"22":2,"23":2,"24":2,"25":4},"b":{"0":[1,2],"1":[1,1],"2":[9,6],"3":[13,2],"4":[37,15],"5":[7,10],"6":[4,6],"7":[10,4],"8":[1,6],"9":[5,2],"10":[17,13],"11":[30,25],"12":[6,7],"13":[1,10],"14":[11,5],"15":[1,9],"16":[10,4],"17":[1,7],"18":[9,6],"19":[2,4],"20":[1,3],"21":[4,3],"22":[3,6],"23":[4,2],"24":[1,4],"25":[3,1],"26":[2,13],"27":[1,4],"28":[3,6],"29":[0,6],"30":[4,7],"31":[11,8,5],"32":[4,3],"33":[7,7,4],"34":[2,2],"35":[1,3],"36":[3,6],"37":[3,3]},"_coverageSchema":"1a1c01bbd47fc00a2c39e90264f33305004495a9","hash":"f91fe638269b299fc6b2371c0abb6eb5df473528"}
,"/Users/mattokc/Documents/tfxjs/lib/index.js": {"path":"/Users/mattokc/Documents/tfxjs/lib/index.js","statementMap":{"0":{"start":{"line":1,"column":16},"end":{"line":1,"column":40}},"1":{"start":{"line":2,"column":15},"end":{"line":2,"column":30}},"2":{"start":{"line":3,"column":13},"end":{"line":3,"column":60}},"3":{"start":{"line":4,"column":17},"end":{"line":4,"column":41}},"4":{"start":{"line":5,"column":14},"end":{"line":5,"column":40}},"5":{"start":{"line":6,"column":31},"end":{"line":6,"column":54}},"6":{"start":{"line":7,"column":21},"end":{"line":7,"column":45}},"7":{"start":{"line":8,"column":60},"end":{"line":8,"column":77}},"8":{"start":{"line":9,"column":16},"end":{"line":9,"column":41}},"9":{"start":{"line":10,"column":16},"end":{"line":10,"column":35}},"10":{"start":{"line":11,"column":13},"end":{"line":11,"column":28}},"11":{"start":{"line":12,"column":14},"end":{"line":12,"column":30}},"12":{"start":{"line":14,"column":12},"end":{"line":14,"column":33}},"13":{"start":{"line":17,"column":19},"end":{"line":22,"column":1}},"14":{"start":{"line":31,"column":12},"end":{"line":290,"column":1}},"15":{"start":{"line":32,"column":2},"end":{"line":32,"column":38}},"16":{"start":{"line":33,"column":2},"end":{"line":33,"column":25}},"17":{"start":{"line":34,"column":2},"end":{"line":34,"column":35}},"18":{"start":{"line":35,"column":2},"end":{"line":35,"column":36}},"19":{"start":{"line":36,"column":2},"end":{"line":36,"column":30}},"20":{"start":{"line":37,"column":2},"end":{"line":37,"column":34}},"21":{"start":{"line":38,"column":2},"end":{"line":38,"column":23}},"22":{"start":{"line":39,"column":2},"end":{"line":39,"column":27}},"23":{"start":{"line":40,"column":2},"end":{"line":40,"column":15}},"24":{"start":{"line":41,"column":2},"end":{"line":41,"column":25}},"25":{"start":{"line":42,"column":2},"end":{"line":42,"column":19}},"26":{"start":{"line":43,"column":2},"end":{"line":43,"column":52}},"27":{"start":{"line":44,"column":2},"end":{"line":52,"column":5}},"28":{"start":{"line":55,"column":2},"end":{"line":61,"column":5}},"29":{"start":{"line":57,"column":4},"end":{"line":60,"column":5}},"30":{"start":{"line":58,"column":18},"end":{"line":58,"column":55}},"31":{"start":{"line":59,"column":6},"end":{"line":59,"column":36}},"32":{"start":{"line":64,"column":2},"end":{"line":73,"column":4}},"33":{"start":{"line":76,"column":2},"end":{"line":80,"column":3}},"34":{"start":{"line":77,"column":4},"end":{"line":79,"column":6}},"35":{"start":{"line":83,"column":2},"end":{"line":85,"column":3}},"36":{"start":{"line":84,"column":4},"end":{"line":84,"column":25}},"37":{"start":{"line":91,"column":2},"end":{"line":93,"column":4}},"38":{"start":{"line":92,"column":4},"end":{"line":92,"column":18}},"39":{"start":{"line":98,"column":2},"end":{"line":106,"column":4}},"40":{"start":{"line":99,"column":4},"end":{"line":105,"column":6}},"41":{"start":{"line":102,"column":8},"end":{"line":102,"column":27}},"42":{"start":{"line":111,"column":2},"end":{"line":115,"column":4}},"43":{"start":{"line":112,"column":4},"end":{"line":114,"column":7}},"44":{"start":{"line":113,"column":6},"end":{"line":113,"column":26}},"45":{"start":{"line":126,"column":2},"end":{"line":162,"column":4}},"46":{"start":{"line":133,"column":18},"end":{"line":137,"column":5}},"47":{"start":{"line":138,"column":22},"end":{"line":138,"column":42}},"48":{"start":{"line":139,"column":4},"end":{"line":143,"column":6}},"49":{"start":{"line":144,"column":4},"end":{"line":148,"column":6}},"50":{"start":{"line":149,"column":4},"end":{"line":153,"column":6}},"51":{"start":{"line":154,"column":4},"end":{"line":161,"column":7}},"52":{"start":{"line":156,"column":6},"end":{"line":156,"column":69}},"53":{"start":{"line":157,"column":6},"end":{"line":157,"column":28}},"54":{"start":{"line":158,"column":6},"end":{"line":160,"column":9}},"55":{"start":{"line":159,"column":8},"end":{"line":159,"column":19}},"56":{"start":{"line":179,"column":2},"end":{"line":184,"column":4}},"57":{"start":{"line":180,"column":22},"end":{"line":182,"column":5}},"58":{"start":{"line":181,"column":6},"end":{"line":181,"column":34}},"59":{"start":{"line":183,"column":4},"end":{"line":183,"column":63}},"60":{"start":{"line":191,"column":2},"end":{"line":196,"column":4}},"61":{"start":{"line":192,"column":22},"end":{"line":194,"column":5}},"62":{"start":{"line":193,"column":6},"end":{"line":193,"column":36}},"63":{"start":{"line":195,"column":4},"end":{"line":195,"column":64}},"64":{"start":{"line":203,"column":2},"end":{"line":223,"column":4}},"65":{"start":{"line":205,"column":22},"end":{"line":208,"column":5}},"66":{"start":{"line":206,"column":6},"end":{"line":206,"column":56}},"67":{"start":{"line":207,"column":6},"end":{"line":207,"column":42}},"68":{"start":{"line":209,"column":24},"end":{"line":215,"column":5}},"69":{"start":{"line":212,"column":6},"end":{"line":212,"column":41}},"70":{"start":{"line":213,"column":6},"end":{"line":213,"column":40}},"71":{"start":{"line":214,"column":6},"end":{"line":214,"column":50}},"72":{"start":{"line":216,"column":4},"end":{"line":222,"column":6}},"73":{"start":{"line":238,"column":2},"end":{"line":263,"column":4}},"74":{"start":{"line":240,"column":4},"end":{"line":246,"column":5}},"75":{"start":{"line":241,"column":6},"end":{"line":245,"column":8}},"76":{"start":{"line":248,"column":26},"end":{"line":250,"column":17}},"77":{"start":{"line":251,"column":4},"end":{"line":251,"column":40}},"78":{"start":{"line":254,"column":18},"end":{"line":259,"column":5}},"79":{"start":{"line":262,"column":4},"end":{"line":262,"column":37}},"80":{"start":{"line":269,"column":2},"end":{"line":289,"column":4}},"81":{"start":{"line":271,"column":4},"end":{"line":277,"column":5}},"82":{"start":{"line":272,"column":6},"end":{"line":276,"column":8}},"83":{"start":{"line":280,"column":18},"end":{"line":285,"column":5}},"84":{"start":{"line":288,"column":4},"end":{"line":288,"column":37}},"85":{"start":{"line":293,"column":0},"end":{"line":293,"column":21}}},"fnMap":{"0":{"name":"(anonymous_0)","decl":{"start":{"line":31,"column":12},"end":{"line":31,"column":13}},"loc":{"start":{"line":31,"column":53},"end":{"line":290,"column":1}},"line":31},"1":{"name":"(anonymous_1)","decl":{"start":{"line":55,"column":22},"end":{"line":55,"column":23}},"loc":{"start":{"line":55,"column":31},"end":{"line":61,"column":3}},"line":55},"2":{"name":"(anonymous_2)","decl":{"start":{"line":91,"column":15},"end":{"line":91,"column":16}},"loc":{"start":{"line":91,"column":24},"end":{"line":93,"column":3}},"line":91},"3":{"name":"(anonymous_3)","decl":{"start":{"line":98,"column":24},"end":{"line":98,"column":25}},"loc":{"start":{"line":98,"column":42},"end":{"line":106,"column":3}},"line":98},"4":{"name":"(anonymous_4)","decl":{"start":{"line":101,"column":6},"end":{"line":101,"column":7}},"loc":{"start":{"line":101,"column":16},"end":{"line":103,"column":7}},"line":101},"5":{"name":"(anonymous_5)","decl":{"start":{"line":111,"column":26},"end":{"line":111,"column":27}},"loc":{"start":{"line":111,"column":44},"end":{"line":115,"column":3}},"line":111},"6":{"name":"(anonymous_6)","decl":{"start":{"line":112,"column":38},"end":{"line":112,"column":39}},"loc":{"start":{"line":112,"column":48},"end":{"line":114,"column":5}},"line":112},"7":{"name":"(anonymous_7)","decl":{"start":{"line":126,"column":18},"end":{"line":126,"column":19}},"loc":{"start":{"line":132,"column":4},"end":{"line":162,"column":3}},"line":132},"8":{"name":"(anonymous_8)","decl":{"start":{"line":154,"column":32},"end":{"line":154,"column":33}},"loc":{"start":{"line":154,"column":38},"end":{"line":161,"column":5}},"line":154},"9":{"name":"(anonymous_9)","decl":{"start":{"line":158,"column":35},"end":{"line":158,"column":36}},"loc":{"start":{"line":158,"column":41},"end":{"line":160,"column":7}},"line":158},"10":{"name":"(anonymous_10)","decl":{"start":{"line":179,"column":14},"end":{"line":179,"column":15}},"loc":{"start":{"line":179,"column":48},"end":{"line":184,"column":3}},"line":179},"11":{"name":"(anonymous_11)","decl":{"start":{"line":180,"column":22},"end":{"line":180,"column":23}},"loc":{"start":{"line":180,"column":34},"end":{"line":182,"column":5}},"line":180},"12":{"name":"(anonymous_12)","decl":{"start":{"line":191,"column":15},"end":{"line":191,"column":16}},"loc":{"start":{"line":191,"column":49},"end":{"line":196,"column":3}},"line":191},"13":{"name":"(anonymous_13)","decl":{"start":{"line":192,"column":22},"end":{"line":192,"column":23}},"loc":{"start":{"line":192,"column":34},"end":{"line":194,"column":5}},"line":192},"14":{"name":"(anonymous_14)","decl":{"start":{"line":203,"column":15},"end":{"line":203,"column":16}},"loc":{"start":{"line":203,"column":46},"end":{"line":223,"column":3}},"line":203},"15":{"name":"(anonymous_15)","decl":{"start":{"line":205,"column":22},"end":{"line":205,"column":23}},"loc":{"start":{"line":205,"column":34},"end":{"line":208,"column":5}},"line":205},"16":{"name":"(anonymous_16)","decl":{"start":{"line":209,"column":24},"end":{"line":209,"column":25}},"loc":{"start":{"line":209,"column":30},"end":{"line":215,"column":5}},"line":209},"17":{"name":"(anonymous_17)","decl":{"start":{"line":238,"column":16},"end":{"line":238,"column":17}},"loc":{"start":{"line":238,"column":67},"end":{"line":263,"column":3}},"line":238},"18":{"name":"(anonymous_18)","decl":{"start":{"line":269,"column":15},"end":{"line":269,"column":16}},"loc":{"start":{"line":269,"column":51},"end":{"line":289,"column":3}},"line":269}},"branchMap":{"0":{"loc":{"start":{"line":45,"column":9},"end":{"line":45,"column":79}},"type":"cond-expr","locations":[{"start":{"line":45,"column":54},"end":{"line":45,"column":73}},{"start":{"line":45,"column":76},"end":{"line":45,"column":79}}],"line":45},"1":{"loc":{"start":{"line":46,"column":10},"end":{"line":48,"column":12}},"type":"cond-expr","locations":[{"start":{"line":47,"column":8},"end":{"line":47,"column":28}},{"start":{"line":48,"column":8},"end":{"line":48,"column":12}}],"line":46},"2":{"loc":{"start":{"line":49,"column":10},"end":{"line":51,"column":12}},"type":"cond-expr","locations":[{"start":{"line":50,"column":8},"end":{"line":50,"column":28}},{"start":{"line":51,"column":8},"end":{"line":51,"column":12}}],"line":49},"3":{"loc":{"start":{"line":57,"column":4},"end":{"line":60,"column":5}},"type":"if","locations":[{"start":{"line":57,"column":4},"end":{"line":60,"column":5}},{"start":{},"end":{}}],"line":57},"4":{"loc":{"start":{"line":58,"column":18},"end":{"line":58,"column":55}},"type":"cond-expr","locations":[{"start":{"line":58,"column":36},"end":{"line":58,"column":40}},{"start":{"line":58,"column":43},"end":{"line":58,"column":55}}],"line":58},"5":{"loc":{"start":{"line":67,"column":4},"end":{"line":67,"column":77}},"type":"cond-expr","locations":[{"start":{"line":67,"column":50},"end":{"line":67,"column":70}},{"start":{"line":67,"column":73},"end":{"line":67,"column":77}}],"line":67},"6":{"loc":{"start":{"line":69,"column":4},"end":{"line":72,"column":23}},"type":"cond-expr","locations":[{"start":{"line":71,"column":8},"end":{"line":71,"column":13}},{"start":{"line":72,"column":8},"end":{"line":72,"column":23}}],"line":69},"7":{"loc":{"start":{"line":69,"column":4},"end":{"line":70,"column":40}},"type":"binary-expr","locations":[{"start":{"line":69,"column":4},"end":{"line":69,"column":47}},{"start":{"line":70,"column":4},"end":{"line":70,"column":40}}],"line":69},"8":{"loc":{"start":{"line":76,"column":2},"end":{"line":80,"column":3}},"type":"if","locations":[{"start":{"line":76,"column":2},"end":{"line":80,"column":3}},{"start":{},"end":{}}],"line":76},"9":{"loc":{"start":{"line":83,"column":2},"end":{"line":85,"column":3}},"type":"if","locations":[{"start":{"line":83,"column":2},"end":{"line":85,"column":3}},{"start":{},"end":{}}],"line":83},"10":{"loc":{"start":{"line":240,"column":4},"end":{"line":246,"column":5}},"type":"if","locations":[{"start":{"line":240,"column":4},"end":{"line":246,"column":5}},{"start":{},"end":{}}],"line":240},"11":{"loc":{"start":{"line":248,"column":26},"end":{"line":250,"column":17}},"type":"cond-expr","locations":[{"start":{"line":249,"column":8},"end":{"line":249,"column":20}},{"start":{"line":250,"column":8},"end":{"line":250,"column":17}}],"line":248},"12":{"loc":{"start":{"line":271,"column":4},"end":{"line":277,"column":5}},"type":"if","locations":[{"start":{"line":271,"column":4},"end":{"line":277,"column":5}},{"start":{},"end":{}}],"line":271},"13":{"loc":{"start":{"line":283,"column":16},"end":{"line":283,"column":70}},"type":"cond-expr","locations":[{"start":{"line":283,"column":46},"end":{"line":283,"column":58}},{"start":{"line":283,"column":61},"end":{"line":283,"column":70}}],"line":283}},"s":{"0":1,"1":1,"2":1,"3":1,"4":1,"5":1,"6":1,"7":1,"8":1,"9":1,"10":1,"11":1,"12":1,"13":1,"14":1,"15":0,"16":0,"17":0,"18":0,"19":0,"20":0,"21":0,"22":0,"23":0,"24":0,"25":0,"26":0,"27":0,"28":0,"29":0,"30":0,"31":0,"32":0,"33":0,"34":0,"35":0,"36":0,"37":0,"38":0,"39":0,"40":0,"41":0,"42":0,"43":0,"44":0,"45":0,"46":0,"47":0,"48":0,"49":0,"50":0,"51":0,"52":0,"53":0,"54":0,"55":0,"56":0,"57":0,"58":0,"59":0,"60":0,"61":0,"62":0,"63":0,"64":0,"65":0,"66":0,"67":0,"68":0,"69":0,"70":0,"71":0,"72":0,"73":0,"74":0,"75":0,"76":0,"77":0,"78":0,"79":0,"80":0,"81":0,"82":0,"83":0,"84":0,"85":1},"f":{"0":0,"1":0,"2":0,"3":0,"4":0,"5":0,"6":0,"7":0,"8":0,"9":0,"10":0,"11":0,"12":0,"13":0,"14":0,"15":0,"16":0,"17":0,"18":0},"b":{"0":[0,0],"1":[0,0],"2":[0,0],"3":[0,0],"4":[0,0],"5":[0,0],"6":[0,0],"7":[0,0],"8":[0,0],"9":[0,0],"10":[0,0],"11":[0,0],"12":[0,0],"13":[0,0]},"_coverageSchema":"1a1c01bbd47fc00a2c39e90264f33305004495a9","hash":"9225cabd46d597ffab83ca1c6254e9c9cd02e8a2"}
[...]
,"/Users/mattokc/Documents/tfxjs/lib/tfx-init.js": {"path":"/Users/mattokc/Documents/tfxjs/lib/tfx-init.js","statementMap":{"0":{"start":{"line":1,"column":23},"end":{"line":1,"column":40}},"1":{"start":{"line":3,"column":20},"end":{"line":17,"column":1}},"2":{"start":{"line":24,"column":16},"end":{"line":32,"column":1}},"3":{"start":{"line":25,"column":2},"end":{"line":28,"column":3}},"4":{"start":{"line":27,"column":4},"end":{"line":27,"column":27}},"5":{"start":{"line":29,"column":2},"end":{"line":29,"column":72}},"6":{"start":{"line":30,"column":2},"end":{"line":30,"column":52}},"7":{"start":{"line":31,"column":2},"end":{"line":31,"column":49}},"8":{"start":{"line":34,"column":0},"end":{"line":34,"column":25}}},"fnMap":{"0":{"name":"(anonymous_0)","decl":{"start":{"line":24,"column":16},"end":{"line":24,"column":17}},"loc":{"start":{"line":24,"column":46},"end":{"line":32,"column":1}},"line":24}},"branchMap":{"0":{"loc":{"start":{"line":25,"column":2},"end":{"line":28,"column":3}},"type":"if","locations":[{"start":{"line":25,"column":2},"end":{"line":28,"column":3}},{"start":{},"end":{}}],"line":25}},"s":{"0":3,"1":3,"2":3,"3":6,"4":4,"5":6,"6":6,"7":6,"8":3},"f":{"0":6},"b":{"0":[4,2]},"_coverageSchema":"1a1c01bbd47fc00a2c39e90264f33305004495a9","hash":"42649c15f0fed894b7782f5ccfa359059416cfc9"}
,"/Users/mattokc/Documents/tfxjs/unit-tests/axios.mocks.js": {"path":"/Users/mattokc/Documents/tfxjs/unit-tests/axios.mocks.js","statementMap":{"0":{"start":{"line":1,"column":0},"end":{"line":99,"column":2}},"1":{"start":{"line":13,"column":4},"end":{"line":23,"column":6}},"2":{"start":{"line":14,"column":6},"end":{"line":22,"column":9}},"3":{"start":{"line":15,"column":8},"end":{"line":21,"column":9}},"4":{"start":{"line":16,"column":10},"end":{"line":16,"column":22}},"5":{"start":{"line":18,"column":10},"end":{"line":20,"column":13}},"6":{"start":{"line":32,"column":4},"end":{"line":97,"column":6}},"7":{"start":{"line":40,"column":8},"end":{"line":48,"column":11}},"8":{"start":{"line":41,"column":10},"end":{"line":47,"column":11}},"9":{"start":{"line":42,"column":12},"end":{"line":42,"column":24}},"10":{"start":{"line":44,"column":12},"end":{"line":46,"column":15}},"11":{"start":{"line":58,"column":8},"end":{"line":64,"column":11}},"12":{"start":{"line":59,"column":10},"end":{"line":63,"column":11}},"13":{"start":{"line":60,"column":12},"end":{"line":60,"column":24}},"14":{"start":{"line":62,"column":12},"end":{"line":62,"column":31}},"15":{"start":{"line":73,"column":8},"end":{"line":79,"column":11}},"16":{"start":{"line":74,"column":10},"end":{"line":78,"column":11}},"17":{"start":{"line":75,"column":12},"end":{"line":75,"column":24}},"18":{"start":{"line":77,"column":12},"end":{"line":77,"column":31}},"19":{"start":{"line":89,"column":8},"end":{"line":95,"column":11}},"20":{"start":{"line":90,"column":10},"end":{"line":94,"column":11}},"21":{"start":{"line":91,"column":12},"end":{"line":91,"column":24}},"22":{"start":{"line":93,"column":12},"end":{"line":93,"column":31}}},"fnMap":{"0":{"name":"(anonymous_0)","decl":{"start":{"line":8,"column":13},"end":{"line":8,"column":14}},"loc":{"start":{"line":8,"column":34},"end":{"line":24,"column":3}},"line":8},"1":{"name":"(anonymous_1)","decl":{"start":{"line":13,"column":11},"end":{"line":13,"column":12}},"loc":{"start":{"line":13,"column":30},"end":{"line":23,"column":5}},"line":13},"2":{"name":"(anonymous_2)","decl":{"start":{"line":14,"column":25},"end":{"line":14,"column":26}},"loc":{"start":{"line":14,"column":46},"end":{"line":22,"column":7}},"line":14},"3":{"name":"(anonymous_3)","decl":{"start":{"line":31,"column":12},"end":{"line":31,"column":13}},"loc":{"start":{"line":31,"column":33},"end":{"line":98,"column":3}},"line":31},"4":{"name":"(anonymous_4)","decl":{"start":{"line":39,"column":11},"end":{"line":39,"column":12}},"loc":{"start":{"line":39,"column":35},"end":{"line":49,"column":7}},"line":39},"5":{"name":"(anonymous_5)","decl":{"start":{"line":40,"column":27},"end":{"line":40,"column":28}},"loc":{"start":{"line":40,"column":48},"end":{"line":48,"column":9}},"line":40},"6":{"name":"(anonymous_6)","decl":{"start":{"line":57,"column":12},"end":{"line":57,"column":13}},"loc":{"start":{"line":57,"column":42},"end":{"line":65,"column":7}},"line":57},"7":{"name":"(anonymous_7)","decl":{"start":{"line":58,"column":27},"end":{"line":58,"column":28}},"loc":{"start":{"line":58,"column":48},"end":{"line":64,"column":9}},"line":58},"8":{"name":"(anonymous_8)","decl":{"start":{"line":72,"column":14},"end":{"line":72,"column":15}},"loc":{"start":{"line":72,"column":38},"end":{"line":80,"column":7}},"line":72},"9":{"name":"(anonymous_9)","decl":{"start":{"line":73,"column":27},"end":{"line":73,"column":28}},"loc":{"start":{"line":73,"column":48},"end":{"line":79,"column":9}},"line":73},"10":{"name":"(anonymous_10)","decl":{"start":{"line":88,"column":11},"end":{"line":88,"column":12}},"loc":{"start":{"line":88,"column":41},"end":{"line":96,"column":7}},"line":88},"11":{"name":"(anonymous_11)","decl":{"start":{"line":89,"column":27},"end":{"line":89,"column":28}},"loc":{"start":{"line":89,"column":48},"end":{"line":95,"column":9}},"line":89}},"branchMap":{"0":{"loc":{"start":{"line":15,"column":8},"end":{"line":21,"column":9}},"type":"if","locations":[{"start":{"line":15,"column":8},"end":{"line":21,"column":9}},{"start":{"line":17,"column":15},"end":{"line":21,"column":9}}],"line":15},"1":{"loc":{"start":{"line":19,"column":18},"end":{"line":19,"column":28}},"type":"binary-expr","locations":[{"start":{"line":19,"column":18},"end":{"line":19,"column":22}},{"start":{"line":19,"column":26},"end":{"line":19,"column":28}}],"line":19},"2":{"loc":{"start":{"line":41,"column":10},"end":{"line":47,"column":11}},"type":"if","locations":[{"start":{"line":41,"column":10},"end":{"line":47,"column":11}},{"start":{"line":43,"column":17},"end":{"line":47,"column":11}}],"line":41},"3":{"loc":{"start":{"line":45,"column":20},"end":{"line":45,"column":30}},"type":"binary-expr","locations":[{"start":{"line":45,"column":20},"end":{"line":45,"column":24}},{"start":{"line":45,"column":28},"end":{"line":45,"column":30}}],"line":45},"4":{"loc":{"start":{"line":59,"column":10},"end":{"line":63,"column":11}},"type":"if","locations":[{"start":{"line":59,"column":10},"end":{"line":63,"column":11}},{"start":{"line":61,"column":17},"end":{"line":63,"column":11}}],"line":59},"5":{"loc":{"start":{"line":74,"column":10},"end":{"line":78,"column":11}},"type":"if","locations":[{"start":{"line":74,"column":10},"end":{"line":78,"column":11}},{"start":{"line":76,"column":17},"end":{"line":78,"column":11}}],"line":74},"6":{"loc":{"start":{"line":90,"column":10},"end":{"line":94,"column":11}},"type":"if","locations":[{"start":{"line":90,"column":10},"end":{"line":94,"column":11}},{"start":{"line":92,"column":17},"end":{"line":94,"column":11}}],"line":90}},"s":{"0":2,"1":5,"2":5,"3":5,"4":2,"5":3,"6":19,"7":3,"8":3,"9":1,"10":2,"11":2,"12":2,"13":1,"14":1,"15":2,"16":2,"17":1,"18":1,"19":2,"20":2,"21":1,"22":1},"f":{"0":5,"1":5,"2":5,"3":19,"4":3,"5":3,"6":2,"7":2,"8":2,"9":2,"10":2,"11":2},"b":{"0":[2,3],"1":[3,1],"2":[1,2],"3":[2,1],"4":[1,1],"5":[1,1],"6":[1,1]},"_coverageSchema":"1a1c01bbd47fc00a2c39e90264f33305004495a9","hash":"9d18eda4c7fd5ab0accc175e5c786392dd3b54ec"}
,"/Users/mattokc/Documents/tfxjs/unit-tests/tfx.mocks.js": {"path":"/Users/mattokc/Documents/tfxjs/unit-tests/tfx.mocks.js","statementMap":{"0":{"start":{"line":4,"column":14},"end":{"line":165,"column":1}},"1":{"start":{"line":6,"column":2},"end":{"line":6,"column":30}},"2":{"start":{"line":12,"column":2},"end":{"line":17,"column":4}},"3":{"start":{"line":13,"column":4},"end":{"line":13,"column":29}},"4":{"start":{"line":14,"column":4},"end":{"line":16,"column":6}},"5":{"start":{"line":20,"column":2},"end":{"line":20,"column":27}},"6":{"start":{"line":22,"column":2},"end":{"line":22,"column":19}},"7":{"start":{"line":24,"column":2},"end":{"line":24,"column":23}},"8":{"start":{"line":31,"column":2},"end":{"line":35,"column":4}},"9":{"start":{"line":33,"column":4},"end":{"line":33,"column":41}},"10":{"start":{"line":34,"column":4},"end":{"line":34,"column":22}},"11":{"start":{"line":42,"column":2},"end":{"line":46,"column":4}},"12":{"start":{"line":44,"column":4},"end":{"line":44,"column":33}},"13":{"start":{"line":45,"column":4},"end":{"line":45,"column":22}},"14":{"start":{"line":54,"column":2},"end":{"line":57,"column":4}},"15":{"start":{"line":55,"column":4},"end":{"line":55,"column":37}},"16":{"start":{"line":56,"column":4},"end":{"line":56,"column":22}},"17":{"start":{"line":59,"column":2},"end":{"line":59,"column":20}},"18":{"start":{"line":64,"column":2},"end":{"line":66,"column":4}},"19":{"start":{"line":65,"column":4},"end":{"line":65,"column":27}},"20":{"start":{"line":73,"column":2},"end":{"line":86,"column":4}},"21":{"start":{"line":74,"column":4},"end":{"line":74,"column":21}},"22":{"start":{"line":75,"column":4},"end":{"line":75,"column":25}},"23":{"start":{"line":76,"column":4},"end":{"line":76,"column":26}},"24":{"start":{"line":77,"column":4},"end":{"line":85,"column":6}},"25":{"start":{"line":78,"column":6},"end":{"line":78,"column":37}},"26":{"start":{"line":79,"column":6},"end":{"line":84,"column":9}},"27":{"start":{"line":80,"column":8},"end":{"line":83,"column":32}},"28":{"start":{"line":81,"column":10},"end":{"line":81,"column":28}},"29":{"start":{"line":82,"column":15},"end":{"line":83,"column":32}},"30":{"start":{"line":82,"column":38},"end":{"line":82,"column":56}},"31":{"start":{"line":83,"column":13},"end":{"line":83,"column":32}},"32":{"start":{"line":95,"column":2},"end":{"line":108,"column":4}},"33":{"start":{"line":96,"column":4},"end":{"line":107,"column":6}},"34":{"start":{"line":97,"column":6},"end":{"line":106,"column":9}},"35":{"start":{"line":98,"column":8},"end":{"line":105,"column":9}},"36":{"start":{"line":99,"column":10},"end":{"line":102,"column":13}},"37":{"start":{"line":104,"column":10},"end":{"line":104,"column":53}},"38":{"start":{"line":114,"column":2},"end":{"line":124,"column":4}},"39":{"start":{"line":115,"column":4},"end":{"line":117,"column":6}},"40":{"start":{"line":116,"column":6},"end":{"line":116,"column":18}},"41":{"start":{"line":118,"column":4},"end":{"line":120,"column":6}},"42":{"start":{"line":119,"column":6},"end":{"line":119,"column":49}},"43":{"start":{"line":121,"column":4},"end":{"line":123,"column":5}},"44":{"start":{"line":122,"column":6},"end":{"line":122,"column":18}},"45":{"start":{"line":130,"column":2},"end":{"line":146,"column":4}},"46":{"start":{"line":131,"column":4},"end":{"line":131,"column":27}},"47":{"start":{"line":132,"column":4},"end":{"line":134,"column":6}},"48":{"start":{"line":133,"column":6},"end":{"line":133,"column":28}},"49":{"start":{"line":135,"column":4},"end":{"line":145,"column":6}},"50":{"start":{"line":136,"column":6},"end":{"line":144,"column":9}},"51":{"start":{"line":137,"column":8},"end":{"line":143,"column":9}},"52":{"start":{"line":138,"column":10},"end":{"line":138,"column":33}},"53":{"start":{"line":139,"column":10},"end":{"line":139,"column":39}},"54":{"start":{"line":141,"column":10},"end":{"line":141,"column":32}},"55":{"start":{"line":142,"column":10},"end":{"line":142,"column":20}},"56":{"start":{"line":152,"column":2},"end":{"line":164,"column":4}},"57":{"start":{"line":153,"column":4},"end":{"line":163,"column":6}},"58":{"start":{"line":155,"column":8},"end":{"line":161,"column":11}},"59":{"start":{"line":156,"column":10},"end":{"line":160,"column":11}},"60":{"start":{"line":157,"column":12},"end":{"line":157,"column":38}},"61":{"start":{"line":159,"column":12},"end":{"line":159,"column":37}},"62":{"start":{"line":166,"column":0},"end":{"line":166,"column":23}}},"fnMap":{"0":{"name":"(anonymous_0)","decl":{"start":{"line":4,"column":14},"end":{"line":4,"column":15}},"loc":{"start":{"line":4,"column":26},"end":{"line":165,"column":1}},"line":4},"1":{"name":"(anonymous_1)","decl":{"start":{"line":12,"column":14},"end":{"line":12,"column":15}},"loc":{"start":{"line":12,"column":32},"end":{"line":17,"column":3}},"line":12},"2":{"name":"(anonymous_2)","decl":{"start":{"line":31,"column":18},"end":{"line":31,"column":19}},"loc":{"start":{"line":31,"column":44},"end":{"line":35,"column":3}},"line":31},"3":{"name":"(anonymous_3)","decl":{"start":{"line":42,"column":12},"end":{"line":42,"column":13}},"loc":{"start":{"line":42,"column":38},"end":{"line":46,"column":3}},"line":42},"4":{"name":"(anonymous_4)","decl":{"start":{"line":54,"column":16},"end":{"line":54,"column":17}},"loc":{"start":{"line":54,"column":30},"end":{"line":57,"column":3}},"line":54},"5":{"name":"(anonymous_5)","decl":{"start":{"line":64,"column":13},"end":{"line":64,"column":14}},"loc":{"start":{"line":64,"column":22},"end":{"line":66,"column":3}},"line":64},"6":{"name":"(anonymous_6)","decl":{"start":{"line":73,"column":18},"end":{"line":73,"column":19}},"loc":{"start":{"line":73,"column":42},"end":{"line":86,"column":3}},"line":73},"7":{"name":"(anonymous_7)","decl":{"start":{"line":77,"column":19},"end":{"line":77,"column":20}},"loc":{"start":{"line":77,"column":32},"end":{"line":85,"column":5}},"line":77},"8":{"name":"(anonymous_8)","decl":{"start":{"line":79,"column":25},"end":{"line":79,"column":26}},"loc":{"start":{"line":79,"column":46},"end":{"line":84,"column":7}},"line":79},"9":{"name":"(anonymous_9)","decl":{"start":{"line":95,"column":20},"end":{"line":95,"column":21}},"loc":{"start":{"line":95,"column":37},"end":{"line":108,"column":3}},"line":95},"10":{"name":"(anonymous_10)","decl":{"start":{"line":96,"column":11},"end":{"line":96,"column":12}},"loc":{"start":{"line":96,"column":23},"end":{"line":107,"column":5}},"line":96},"11":{"name":"(anonymous_11)","decl":{"start":{"line":97,"column":25},"end":{"line":97,"column":26}},"loc":{"start":{"line":97,"column":46},"end":{"line":106,"column":7}},"line":97},"12":{"name":"(anonymous_12)","decl":{"start":{"line":114,"column":16},"end":{"line":114,"column":17}},"loc":{"start":{"line":114,"column":40},"end":{"line":124,"column":3}},"line":114},"13":{"name":"(anonymous_13)","decl":{"start":{"line":115,"column":25},"end":{"line":115,"column":26}},"loc":{"start":{"line":115,"column":41},"end":{"line":117,"column":5}},"line":115},"14":{"name":"(anonymous_14)","decl":{"start":{"line":118,"column":22},"end":{"line":118,"column":23}},"loc":{"start":{"line":118,"column":37},"end":{"line":120,"column":5}},"line":118},"15":{"name":"(anonymous_15)","decl":{"start":{"line":121,"column":21},"end":{"line":121,"column":22}},"loc":{"start":{"line":121,"column":31},"end":{"line":123,"column":5}},"line":121},"16":{"name":"(anonymous_16)","decl":{"start":{"line":130,"column":24},"end":{"line":130,"column":25}},"loc":{"start":{"line":130,"column":39},"end":{"line":146,"column":3}},"line":130},"17":{"name":"(anonymous_17)","decl":{"start":{"line":132,"column":23},"end":{"line":132,"column":24}},"loc":{"start":{"line":132,"column":35},"end":{"line":134,"column":5}},"line":132},"18":{"name":"(anonymous_18)","decl":{"start":{"line":135,"column":19},"end":{"line":135,"column":20}},"loc":{"start":{"line":135,"column":35},"end":{"line":145,"column":5}},"line":135},"19":{"name":"(anonymous_19)","decl":{"start":{"line":136,"column":25},"end":{"line":136,"column":26}},"loc":{"start":{"line":136,"column":46},"end":{"line":144,"column":7}},"line":136},"20":{"name":"(anonymous_20)","decl":{"start":{"line":152,"column":25},"end":{"line":152,"column":26}},"loc":{"start":{"line":152,"column":40},"end":{"line":164,"column":3}},"line":152},"21":{"name":"(anonymous_21)","decl":{"start":{"line":154,"column":13},"end":{"line":154,"column":14}},"loc":{"start":{"line":154,"column":29},"end":{"line":162,"column":7}},"line":154},"22":{"name":"(anonymous_22)","decl":{"start":{"line":155,"column":27},"end":{"line":155,"column":28}},"loc":{"start":{"line":155,"column":48},"end":{"line":161,"column":9}},"line":155}},"branchMap":{"0":{"loc":{"start":{"line":80,"column":8},"end":{"line":83,"column":32}},"type":"if","locations":[{"start":{"line":80,"column":8},"end":{"line":83,"column":32}},{"start":{"line":82,"column":15},"end":{"line":83,"column":32}}],"line":80},"1":{"loc":{"start":{"line":82,"column":15},"end":{"line":83,"column":32}},"type":"if","locations":[{"start":{"line":82,"column":15},"end":{"line":83,"column":32}},{"start":{"line":83,"column":13},"end":{"line":83,"column":32}}],"line":82},"2":{"loc":{"start":{"line":98,"column":8},"end":{"line":105,"column":9}},"type":"if","locations":[{"start":{"line":98,"column":8},"end":{"line":105,"column":9}},{"start":{"line":103,"column":15},"end":{"line":105,"column":9}}],"line":98},"3":{"loc":{"start":{"line":119,"column":13},"end":{"line":119,"column":48}},"type":"cond-expr","locations":[{"start":{"line":119,"column":36},"end":{"line":119,"column":40}},{"start":{"line":119,"column":43},"end":{"line":119,"column":48}}],"line":119},"4":{"loc":{"start":{"line":137,"column":8},"end":{"line":143,"column":9}},"type":"if","locations":[{"start":{"line":137,"column":8},"end":{"line":143,"column":9}},{"start":{"line":140,"column":15},"end":{"line":143,"column":9}}],"line":137},"5":{"loc":{"start":{"line":156,"column":10},"end":{"line":160,"column":11}},"type":"if","locations":[{"start":{"line":156,"column":10},"end":{"line":160,"column":11}},{"start":{"line":158,"column":17},"end":{"line":160,"column":11}}],"line":156}},"s":{"0":3,"1":3,"2":3,"3":0,"4":0,"5":3,"6":3,"7":3,"8":3,"9":0,"10":0,"11":3,"12":0,"13":0,"14":3,"15":0,"16":0,"17":3,"18":3,"19":0,"20":3,"21":4,"22":4,"23":4,"24":4,"25":4,"26":4,"27":4,"28":2,"29":2,"30":2,"31":0,"32":3,"33":4,"34":4,"35":4,"36":2,"37":2,"38":3,"39":8,"40":6,"41":8,"42":4,"43":8,"44":2,"45":3,"46":2,"47":2,"48":2,"49":2,"50":4,"51":4,"52":2,"53":2,"54":2,"55":2,"56":3,"57":2,"58":4,"59":4,"60":2,"61":2,"62":3},"f":{"0":3,"1":0,"2":0,"3":0,"4":0,"5":0,"6":4,"7":4,"8":4,"9":4,"10":4,"11":4,"12":8,"13":6,"14":4,"15":2,"16":2,"17":2,"18":4,"19":4,"20":2,"21":4,"22":4},"b":{"0":[2,2],"1":[2,0],"2":[2,2],"3":[1,3],"4":[2,2],"5":[2,2]},"_coverageSchema":"1a1c01bbd47fc00a2c39e90264f33305004495a9","hash":"abc87f952c41f7c207d7947bb32a02cf5cc140a5"}
}
