TN:
SF:lib/builders.js
FN:19,(anonymous_0)
FN:27,(anonymous_1)
FN:41,(anonymous_2)
FN:51,(anonymous_3)
FN:61,(anonymous_4)
FN:75,(anonymous_5)
FN:77,(anonymous_6)
FN:132,(anonymous_7)
FN:146,(anonymous_8)
FN:147,(anonymous_9)
FN:162,(anonymous_10)
FN:175,(anonymous_11)
FN:195,(anonymous_12)
FN:223,(anonymous_13)
FN:231,(anonymous_14)
FN:242,(anonymous_15)
FN:252,(anonymous_16)
FN:265,(anonymous_17)
FN:274,(anonymous_18)
FN:288,(anonymous_19)
FN:297,(anonymous_20)
FN:306,(anonymous_21)
FN:318,(anonymous_22)
FN:328,(anonymous_23)
FN:338,(anonymous_24)
FN:346,(anonymous_25)
FN:358,(anonymous_26)
FN:368,(anonymous_27)
FNF:28
FNH:11
FNDA:97,(anonymous_0)
FNDA:97,(anonymous_1)
FNDA:35,(anonymous_2)
FNDA:35,(anonymous_3)
FNDA:27,(anonymous_4)
FNDA:9,(anonymous_5)
FNDA:8,(anonymous_6)
FNDA:2,(anonymous_7)
FNDA:0,(anonymous_8)
FNDA:0,(anonymous_9)
FNDA:0,(anonymous_10)
FNDA:0,(anonymous_11)
FNDA:0,(anonymous_12)
FNDA:3,(anonymous_13)
FNDA:3,(anonymous_14)
FNDA:190,(anonymous_15)
FNDA:0,(anonymous_16)
FNDA:0,(anonymous_17)
FNDA:0,(anonymous_18)
FNDA:0,(anonymous_19)
FNDA:0,(anonymous_20)
FNDA:0,(anonymous_21)
FNDA:0,(anonymous_22)
FNDA:0,(anonymous_23)
FNDA:0,(anonymous_24)
FNDA:0,(anonymous_25)
FNDA:0,(anonymous_26)
FNDA:0,(anonymous_27)
DA:1,2
DA:8,2
DA:9,2
DA:10,2
DA:11,2
DA:12,2
DA:20,97
DA:21,97
DA:22,97
DA:27,97
DA:28,97
DA:42,35
DA:52,35
DA:62,27
DA:76,9
DA:77,9
DA:79,8
DA:95,8
DA:96,6
DA:97,1
DA:105,5
DA:113,2
DA:119,8
DA:121,9
DA:133,2
DA:134,2
DA:147,0
DA:148,0
DA:149,0
DA:163,0
DA:176,0
DA:181,0
DA:182,0
DA:196,0
DA:197,0
DA:198,0
DA:201,0
DA:216,0
DA:224,3
DA:225,3
DA:226,3
DA:227,3
DA:230,3
DA:232,3
DA:237,3
DA:242,3
DA:243,190
DA:245,190
DA:252,3
DA:253,0
DA:254,0
DA:256,0
DA:265,3
DA:266,0
DA:267,0
DA:274,3
DA:275,0
DA:289,0
DA:290,0
DA:298,0
DA:307,0
DA:310,0
DA:319,0
DA:329,0
DA:332,0
DA:339,0
DA:347,0
DA:350,0
DA:359,0
DA:369,0
DA:375,2
LF:71
LH:40
BRDA:20,0,0,97
BRDA:20,0,1,0
BRDA:21,1,0,97
BRDA:21,1,1,0
BRDA:22,2,0,97
BRDA:22,2,1,0
BRDA:79,3,0,6
BRDA:79,3,1,2
BRDA:95,4,0,6
BRDA:95,4,1,2
BRDA:96,5,0,1
BRDA:96,5,1,5
BRDA:197,6,0,0
BRDA:197,6,1,0
BRDA:210,7,0,0
BRDA:210,7,1,0
BRDA:245,8,0,10
BRDA:245,8,1,180
BRF:18
BRH:11
end_of_record
TN:
SF:lib/cli.js
FN:10,cli
FNF:1
FNH:1
FNDA:3,cli
DA:1,1
DA:11,3
DA:12,3
DA:13,2
DA:15,3
DA:16,3
DA:17,3
DA:19,1
DA:23,1
LF:9
LH:9
BRF:0
BRH:0
end_of_record
TN:
SF:lib/connect.js
FN:9,(anonymous_0)
FN:18,(anonymous_1)
FN:22,(anonymous_2)
FN:44,(anonymous_3)
FN:58,(anonymous_4)
FN:65,(anonymous_5)
FN:73,(anonymous_6)
FN:86,(anonymous_7)
FN:87,(anonymous_8)
FN:98,(anonymous_9)
FN:101,(anonymous_10)
FNF:11
FNH:11
FNDA:16,(anonymous_0)
FNDA:4,(anonymous_1)
FNDA:4,(anonymous_2)
FNDA:4,(anonymous_3)
FNDA:2,(anonymous_4)
FNDA:2,(anonymous_5)
FNDA:4,(anonymous_6)
FNDA:4,(anonymous_7)
FNDA:4,(anonymous_8)
FNDA:4,(anonymous_9)
FNDA:2,(anonymous_10)
DA:1,3
DA:9,3
DA:18,16
DA:19,4
DA:20,4
DA:23,4
DA:24,2
DA:30,2
DA:44,16
DA:52,4
DA:59,2
DA:67,2
DA:74,4
DA:86,16
DA:87,4
DA:88,4
DA:98,16
DA:99,4
DA:102,2
DA:116,3
LF:20
LH:20
BRDA:19,0,0,4
BRDA:19,0,1,1
BRDA:23,1,0,2
BRDA:23,1,1,2
BRDA:60,2,0,1
BRDA:60,2,1,1
BRDA:68,3,0,1
BRDA:68,3,1,1
BRDA:70,4,0,1
BRDA:70,4,1,1
BRDA:88,5,0,2
BRDA:88,5,1,2
BRDA:104,6,0,1
BRDA:104,6,1,1
BRDA:108,7,0,1
BRDA:108,7,1,1
BRF:16
BRH:16
end_of_record
TN:
SF:lib/constants.js
FN:13,(anonymous_0)
FN:21,(anonymous_1)
FN:57,(anonymous_2)
FN:62,(anonymous_3)
FN:66,(anonymous_4)
FN:70,(anonymous_5)
FN:74,(anonymous_6)
FN:78,(anonymous_7)
FN:82,(anonymous_8)
FN:89,(anonymous_9)
FN:103,(anonymous_10)
FN:115,(anonymous_11)
FNF:12
FNH:12
FNDA:6,(anonymous_0)
FNDA:6,(anonymous_1)
FNDA:6,(anonymous_2)
FNDA:6,(anonymous_3)
FNDA:6,(anonymous_4)
FNDA:6,(anonymous_5)
FNDA:6,(anonymous_6)
FNDA:6,(anonymous_7)
FNDA:6,(anonymous_8)
FNDA:6,(anonymous_9)
FNDA:6,(anonymous_10)
FNDA:6,(anonymous_11)
DA:1,6
DA:3,6
DA:14,6
DA:22,6
DA:58,6
DA:63,6
DA:67,6
DA:71,6
DA:75,6
DA:79,6
DA:82,6
DA:90,6
DA:104,6
DA:116,6
LF:14
LH:14
BRF:0
BRH:0
end_of_record
TN:
SF:lib/extract.js
FN:57,(anonymous_0)
FN:98,(anonymous_1)
FN:124,(anonymous_2)
FN:141,(anonymous_3)
FN:182,(anonymous_4)
FN:239,(anonymous_5)
FN:247,(anonymous_6)
FN:291,(anonymous_7)
FN:322,(anonymous_8)
FN:331,(anonymous_9)
FN:339,(anonymous_10)
FN:346,(anonymous_11)
FN:377,(anonymous_12)
FNF:13
FNH:0
FNDA:0,(anonymous_0)
FNDA:0,(anonymous_1)
FNDA:0,(anonymous_2)
FNDA:0,(anonymous_3)
FNDA:0,(anonymous_4)
FNDA:0,(anonymous_5)
FNDA:0,(anonymous_6)
FNDA:0,(anonymous_7)
FNDA:0,(anonymous_8)
FNDA:0,(anonymous_9)
FNDA:0,(anonymous_10)
FNDA:0,(anonymous_11)
FNDA:0,(anonymous_12)
DA:6,1
DA:15,1
DA:28,1
DA:30,1
DA:31,1
DA:32,1
DA:33,1
DA:35,1
DA:38,1
DA:41,1
DA:45,1
DA:64,0
DA:65,0
DA:66,0
DA:70,0
DA:73,0
DA:77,0
DA:84,0
DA:87,0
DA:88,0
DA:96,0
DA:98,0
DA:99,0
DA:105,0
DA:131,0
DA:132,0
DA:133,0
DA:134,0
DA:137,0
DA:140,0
DA:141,0
DA:142,0
DA:155,0
DA:176,0
DA:177,0
DA:180,0
DA:182,0
DA:185,0
DA:191,0
DA:192,0
DA:200,0
DA:203,0
DA:208,0
DA:209,0
DA:213,0
DA:247,0
DA:248,0
DA:255,0
DA:256,0
DA:265,0
DA:301,0
DA:302,0
DA:324,0
DA:326,0
DA:328,0
DA:329,0
DA:331,0
DA:332,0
DA:334,0
DA:335,0
DA:336,0
DA:337,0
DA:339,0
DA:340,0
DA:341,0
DA:342,0
DA:343,0
DA:344,0
DA:346,0
DA:347,0
DA:348,0
DA:351,0
DA:360,0
DA:361,0
DA:363,0
DA:365,0
DA:370,0
DA:375,0
DA:377,0
DA:379,0
DA:380,0
DA:385,0
DA:395,0
DA:398,0
DA:402,1
LF:85
LH:12
BRDA:65,0,0,0
BRDA:65,0,1,0
BRDA:71,1,0,0
BRDA:71,1,1,0
BRDA:77,2,0,0
BRDA:77,2,1,0
BRDA:84,3,0,0
BRDA:84,3,1,0
BRDA:87,4,0,0
BRDA:87,4,1,0
BRDA:93,5,0,0
BRDA:93,5,1,0
BRDA:132,6,0,0
BRDA:132,6,1,0
BRDA:140,7,0,0
BRDA:140,7,1,0
BRDA:155,8,0,0
BRDA:155,8,1,0
BRDA:155,9,0,0
BRDA:155,9,1,0
BRDA:163,10,0,0
BRDA:163,10,1,0
BRDA:172,11,0,0
BRDA:172,11,1,0
BRDA:176,12,0,0
BRDA:176,12,1,0
BRDA:176,13,0,0
BRDA:176,13,1,0
BRDA:180,14,0,0
BRDA:180,14,1,0
BRDA:189,15,0,0
BRDA:189,15,1,0
BRDA:191,16,0,0
BRDA:191,16,1,0
BRDA:208,17,0,0
BRDA:208,17,1,0
BRDA:213,18,0,0
BRDA:213,18,1,0
BRDA:213,19,0,0
BRDA:213,19,1,0
BRDA:255,20,0,0
BRDA:255,20,1,0
BRDA:266,21,0,0
BRDA:266,21,1,0
BRDA:329,22,0,0
BRDA:329,22,1,0
BRDA:332,23,0,0
BRDA:332,23,1,0
BRDA:367,24,0,0
BRDA:367,24,1,0
BRDA:372,25,0,0
BRDA:372,25,1,0
BRDA:375,26,0,0
BRDA:375,26,1,0
BRDA:379,27,0,0
BRDA:379,27,1,0
BRF:56
BRH:0
end_of_record
TN:
SF:lib/helpers.js
FN:34,(anonymous_0)
FN:68,(anonymous_1)
FN:70,(anonymous_2)
FN:86,(anonymous_3)
FN:99,(anonymous_4)
FN:113,(anonymous_5)
FN:120,(anonymous_6)
FN:144,(anonymous_7)
FN:153,(anonymous_8)
FN:172,(anonymous_9)
FN:183,(anonymous_10)
FN:200,(anonymous_11)
FN:273,(anonymous_12)
FN:302,(anonymous_13)
FN:316,(anonymous_14)
FN:318,(anonymous_15)
FN:337,(anonymous_16)
FN:341,(anonymous_17)
FN:360,(anonymous_18)
FN:371,(anonymous_19)
FN:390,(anonymous_20)
FN:408,(anonymous_21)
FN:410,(anonymous_22)
FN:414,(anonymous_23)
FN:419,(anonymous_24)
FN:437,(anonymous_25)
FNF:26
FNH:25
FNDA:3,(anonymous_0)
FNDA:2,(anonymous_1)
FNDA:2,(anonymous_2)
FNDA:15,(anonymous_3)
FNDA:52,(anonymous_4)
FNDA:14,(anonymous_5)
FNDA:17,(anonymous_6)
FNDA:7,(anonymous_7)
FNDA:7,(anonymous_8)
FNDA:5,(anonymous_9)
FNDA:30,(anonymous_10)
FNDA:13,(anonymous_11)
FNDA:9,(anonymous_12)
FNDA:5,(anonymous_13)
FNDA:5,(anonymous_14)
FNDA:15,(anonymous_15)
FNDA:3,(anonymous_16)
FNDA:10,(anonymous_17)
FNDA:9,(anonymous_18)
FNDA:11,(anonymous_19)
FNDA:0,(anonymous_20)
FNDA:2,(anonymous_21)
FNDA:2,(anonymous_22)
FNDA:2,(anonymous_23)
FNDA:2,(anonymous_24)
FNDA:4,(anonymous_25)
DA:20,3
DA:21,3
DA:22,3
DA:23,3
DA:25,3
DA:35,3
DA:40,3
DA:42,1
DA:43,1
DA:49,1
DA:54,1
DA:61,3
DA:69,2
DA:70,2
DA:71,2
DA:72,2
DA:73,2
DA:87,15
DA:88,15
DA:91,15
DA:92,9
DA:95,15
DA:96,13
DA:99,15
DA:100,52
DA:101,52
DA:104,15
DA:115,14
DA:120,14
DA:122,17
DA:123,7
DA:124,7
DA:125,10
DA:126,4
DA:130,4
DA:134,13
DA:150,7
DA:151,7
DA:153,7
DA:158,7
DA:160,7
DA:161,5
DA:164,7
DA:174,5
DA:183,5
DA:185,30
DA:187,17
DA:191,5
DA:202,13
DA:203,13
DA:204,6
DA:205,6
DA:206,5
DA:209,7
DA:210,7
DA:212,11
DA:216,1
DA:221,10
DA:223,1
DA:228,9
DA:232,1
DA:240,6
DA:242,2
DA:247,4
DA:252,1
DA:258,3
DA:261,7
DA:274,9
DA:275,3
DA:277,6
DA:279,6
DA:282,6
DA:283,6
DA:284,5
DA:290,1
DA:303,5
DA:304,1
DA:305,4
DA:306,3
DA:308,1
DA:317,5
DA:318,5
DA:319,15
DA:322,2
DA:327,5
DA:328,1
DA:338,3
DA:339,3
DA:340,3
DA:341,3
DA:344,10
DA:346,10
DA:348,10
DA:351,3
DA:361,9
DA:362,3
DA:364,6
DA:365,0
DA:367,6
DA:368,6
DA:371,6
DA:372,11
DA:374,11
DA:375,4
DA:378,7
DA:379,4
DA:382,4
DA:386,6
DA:391,0
DA:392,0
DA:393,0
DA:394,0
DA:395,0
DA:396,0
DA:398,0
DA:399,0
DA:401,0
DA:409,2
DA:411,2
DA:415,2
DA:418,2
DA:420,2
DA:423,2
DA:424,2
DA:429,2
DA:438,4
DA:439,4
DA:441,3
DA:442,9
DA:443,9
DA:444,9
DA:445,9
DA:446,9
DA:452,9
DA:454,3
DA:455,6
DA:457,3
DA:460,3
DA:463,9
DA:465,3
DA:466,3
DA:471,3
LF:142
LH:132
BRDA:40,0,0,1
BRDA:40,0,1,2
BRDA:72,1,0,1
BRDA:72,1,1,1
BRDA:91,2,0,9
BRDA:91,2,1,6
BRDA:95,3,0,13
BRDA:95,3,1,2
BRDA:101,4,0,37
BRDA:101,4,1,15
BRDA:122,5,0,7
BRDA:122,5,1,10
BRDA:125,6,0,4
BRDA:125,6,1,6
BRDA:125,7,0,10
BRDA:125,7,1,4
BRDA:158,8,0,1
BRDA:158,8,1,6
BRDA:160,9,0,5
BRDA:160,9,1,2
BRDA:185,10,0,17
BRDA:185,10,1,13
BRDA:185,11,0,30
BRDA:185,11,1,25
BRDA:203,12,0,6
BRDA:203,12,1,7
BRDA:212,13,0,1
BRDA:212,13,1,10
BRDA:213,14,0,11
BRDA:213,14,1,5
BRDA:221,15,0,1
BRDA:221,15,1,9
BRDA:221,16,0,10
BRDA:221,16,1,4
BRDA:228,17,0,1
BRDA:228,17,1,7
BRDA:229,18,0,9
BRDA:229,18,1,6
BRDA:240,19,0,2
BRDA:240,19,1,4
BRDA:247,20,0,1
BRDA:247,20,1,3
BRDA:248,21,0,4
BRDA:248,21,1,3
BRDA:274,22,0,3
BRDA:274,22,1,6
BRDA:279,23,0,4
BRDA:279,23,1,2
BRDA:303,24,0,1
BRDA:303,24,1,4
BRDA:305,25,0,3
BRDA:305,25,1,1
BRDA:319,26,0,2
BRDA:319,26,1,13
BRDA:327,27,0,1
BRDA:327,27,1,4
BRDA:361,28,0,3
BRDA:361,28,1,6
BRDA:364,29,0,0
BRDA:364,29,1,6
BRDA:374,30,0,4
BRDA:374,30,1,7
BRDA:374,31,0,11
BRDA:374,31,1,8
BRDA:374,31,2,5
BRDA:378,32,0,4
BRDA:378,32,1,3
BRDA:378,33,0,7
BRDA:378,33,1,7
BRDA:378,33,2,4
BRDA:382,34,0,2
BRDA:382,34,1,2
BRDA:439,35,0,1
BRDA:439,35,1,3
BRDA:452,36,0,3
BRDA:452,36,1,6
BRDA:455,37,0,3
BRDA:455,37,1,3
BRF:78
BRH:77
end_of_record
TN:
SF:lib/index.js
FN:31,(anonymous_0)
FN:55,(anonymous_1)
FN:91,(anonymous_2)
FN:98,(anonymous_3)
FN:101,(anonymous_4)
FN:111,(anonymous_5)
FN:112,(anonymous_6)
FN:126,(anonymous_7)
FN:154,(anonymous_8)
FN:158,(anonymous_9)
FN:179,(anonymous_10)
FN:180,(anonymous_11)
FN:191,(anonymous_12)
FN:192,(anonymous_13)
FN:203,(anonymous_14)
FN:205,(anonymous_15)
FN:209,(anonymous_16)
FN:238,(anonymous_17)
FN:269,(anonymous_18)
FNF:19
FNH:0
FNDA:0,(anonymous_0)
FNDA:0,(anonymous_1)
FNDA:0,(anonymous_2)
FNDA:0,(anonymous_3)
FNDA:0,(anonymous_4)
FNDA:0,(anonymous_5)
FNDA:0,(anonymous_6)
FNDA:0,(anonymous_7)
FNDA:0,(anonymous_8)
FNDA:0,(anonymous_9)
FNDA:0,(anonymous_10)
FNDA:0,(anonymous_11)
FNDA:0,(anonymous_12)
FNDA:0,(anonymous_13)
FNDA:0,(anonymous_14)
FNDA:0,(anonymous_15)
FNDA:0,(anonymous_16)
FNDA:0,(anonymous_17)
FNDA:0,(anonymous_18)
DA:1,1
DA:2,1
DA:3,1
DA:4,1
DA:5,1
DA:6,1
DA:7,1
DA:8,1
DA:9,1
DA:10,1
DA:11,1
DA:12,1
DA:14,1
DA:17,1
DA:31,1
DA:32,0
DA:33,0
DA:34,0
DA:35,0
DA:36,0
DA:37,0
DA:38,0
DA:39,0
DA:40,0
DA:41,0
DA:42,0
DA:43,0
DA:44,0
DA:55,0
DA:57,0
DA:58,0
DA:59,0
DA:64,0
DA:76,0
DA:77,0
DA:83,0
DA:84,0
DA:91,0
DA:92,0
DA:98,0
DA:99,0
DA:102,0
DA:111,0
DA:112,0
DA:113,0
DA:126,0
DA:133,0
DA:138,0
DA:139,0
DA:144,0
DA:149,0
DA:154,0
DA:156,0
DA:157,0
DA:158,0
DA:159,0
DA:179,0
DA:180,0
DA:181,0
DA:183,0
DA:191,0
DA:192,0
DA:193,0
DA:195,0
DA:203,0
DA:205,0
DA:206,0
DA:207,0
DA:209,0
DA:212,0
DA:213,0
DA:214,0
DA:216,0
DA:238,0
DA:240,0
DA:241,0
DA:248,0
DA:251,0
DA:254,0
DA:262,0
DA:269,0
DA:271,0
DA:272,0
DA:280,0
DA:288,0
DA:293,1
LF:86
LH:16
BRDA:45,0,0,0
BRDA:45,0,1,0
BRDA:46,1,0,0
BRDA:46,1,1,0
BRDA:49,2,0,0
BRDA:49,2,1,0
BRDA:57,3,0,0
BRDA:57,3,1,0
BRDA:58,4,0,0
BRDA:58,4,1,0
BRDA:67,5,0,0
BRDA:67,5,1,0
BRDA:69,6,0,0
BRDA:69,6,1,0
BRDA:69,7,0,0
BRDA:69,7,1,0
BRDA:76,8,0,0
BRDA:76,8,1,0
BRDA:83,9,0,0
BRDA:83,9,1,0
BRDA:240,10,0,0
BRDA:240,10,1,0
BRDA:248,11,0,0
BRDA:248,11,1,0
BRDA:271,12,0,0
BRDA:271,12,1,0
BRDA:283,13,0,0
BRDA:283,13,1,0
BRF:28
BRH:0
end_of_record
TN:
SF:lib/requests.js
FN:5,(anonymous_0)
FN:12,(anonymous_1)
FN:14,(anonymous_2)
FN:17,(anonymous_3)
FNF:4
FNH:4
FNDA:2,(anonymous_0)
FNDA:2,(anonymous_1)
FNDA:1,(anonymous_2)
FNDA:1,(anonymous_3)
DA:5,1
DA:12,2
DA:13,2
DA:15,1
DA:18,1
DA:28,1
LF:6
LH:6
BRF:0
BRH:0
end_of_record
TN:
SF:lib/terraform-cli.js
FN:11,(anonymous_0)
FN:20,(anonymous_1)
FN:30,(anonymous_2)
FN:32,(anonymous_3)
FN:43,(anonymous_4)
FN:52,(anonymous_5)
FN:61,(anonymous_6)
FN:71,(anonymous_7)
FN:87,(anonymous_8)
FN:90,(anonymous_9)
FN:117,(anonymous_10)
FN:124,(anonymous_11)
FN:129,(anonymous_12)
FN:138,(anonymous_13)
FN:151,(anonymous_14)
FN:156,(anonymous_15)
FN:163,(anonymous_16)
FN:166,(anonymous_17)
FN:177,(anonymous_18)
FN:188,(anonymous_19)
FN:198,(anonymous_20)
FNF:21
FNH:21
FNDA:31,(anonymous_0)
FNDA:3,(anonymous_1)
FNDA:2,(anonymous_2)
FNDA:2,(anonymous_3)
FNDA:52,(anonymous_4)
FNDA:45,(anonymous_5)
FNDA:3,(anonymous_6)
FNDA:16,(anonymous_7)
FNDA:14,(anonymous_8)
FNDA:11,(anonymous_9)
FNDA:10,(anonymous_10)
FNDA:10,(anonymous_11)
FNDA:10,(anonymous_12)
FNDA:10,(anonymous_13)
FNDA:6,(anonymous_14)
FNDA:5,(anonymous_15)
FNDA:5,(anonymous_16)
FNDA:5,(anonymous_17)
FNDA:5,(anonymous_18)
FNDA:27,(anonymous_19)
FNDA:3,(anonymous_20)
DA:1,4
DA:2,4
DA:3,4
DA:4,4
DA:11,4
DA:12,31
DA:13,31
DA:14,31
DA:20,31
DA:21,3
DA:30,31
DA:31,2
DA:33,2
DA:43,31
DA:44,52
DA:52,31
DA:53,45
DA:61,31
DA:62,3
DA:63,3
DA:71,31
DA:72,16
DA:73,7
DA:75,14
DA:87,31
DA:89,14
DA:91,11
DA:97,1
DA:104,10
DA:105,10
DA:109,10
DA:111,6
DA:113,10
DA:118,10
DA:119,10
DA:120,4
DA:126,10
DA:127,4
DA:130,10
DA:132,2
DA:139,10
DA:151,31
DA:153,6
DA:157,5
DA:164,5
DA:167,5
DA:168,5
DA:169,2
DA:178,5
DA:183,31
DA:188,31
DA:189,27
DA:190,3
DA:198,31
DA:199,3
DA:202,3
DA:203,3
DA:207,4
LF:58
LH:58
BRDA:72,0,0,7
BRDA:72,0,1,9
BRDA:72,1,0,16
BRDA:72,1,1,15
BRDA:91,2,0,1
BRDA:91,2,1,10
BRDA:107,3,0,6
BRDA:107,3,1,4
BRDA:109,4,0,6
BRDA:109,4,1,4
BRDA:119,5,0,6
BRDA:119,5,1,4
BRDA:126,6,0,4
BRDA:126,6,1,6
BRDA:130,7,0,2
BRDA:130,7,1,8
BRDA:134,8,0,1
BRDA:134,8,1,1
BRDA:139,9,0,5
BRDA:139,9,1,5
BRDA:159,10,0,3
BRDA:159,10,1,2
BRDA:168,11,0,2
BRDA:168,11,1,3
BRDA:172,12,0,1
BRDA:172,12,1,1
BRDA:178,13,0,1
BRDA:178,13,1,4
BRDA:189,14,0,3
BRDA:189,14,1,24
BRDA:199,15,0,3
BRDA:199,15,1,0
BRF:32
BRH:31
end_of_record
TN:
SF:lib/tf-utils.js
FN:36,(anonymous_0)
FN:50,(anonymous_1)
FN:51,connectionTest
FN:52,(anonymous_3)
FN:72,(anonymous_4)
FN:81,(anonymous_5)
FN:130,(anonymous_6)
FN:164,(anonymous_7)
FN:224,(anonymous_8)
FN:246,(anonymous_9)
FN:247,(anonymous_10)
FN:251,(anonymous_11)
FN:252,(anonymous_12)
FN:253,(anonymous_13)
FN:261,(anonymous_14)
FN:262,(anonymous_15)
FN:270,(anonymous_16)
FN:280,(anonymous_17)
FN:281,(anonymous_18)
FN:297,(anonymous_19)
FN:300,(anonymous_20)
FN:324,(anonymous_21)
FN:328,(anonymous_22)
FN:358,(anonymous_23)
FN:454,(anonymous_24)
FN:460,(anonymous_25)
FN:464,(anonymous_26)
FNF:27
FNH:27
FNDA:2,(anonymous_0)
FNDA:5,(anonymous_1)
FNDA:3,connectionTest
FNDA:3,(anonymous_3)
FNDA:7,(anonymous_4)
FNDA:6,(anonymous_5)
FNDA:6,(anonymous_6)
FNDA:4,(anonymous_7)
FNDA:5,(anonymous_8)
FNDA:6,(anonymous_9)
FNDA:14,(anonymous_10)
FNDA:2,(anonymous_11)
FNDA:1,(anonymous_12)
FNDA:1,(anonymous_13)
FNDA:3,(anonymous_14)
FNDA:9,(anonymous_15)
FNDA:11,(anonymous_16)
FNDA:3,(anonymous_17)
FNDA:5,(anonymous_18)
FNDA:9,(anonymous_19)
FNDA:13,(anonymous_20)
FNDA:11,(anonymous_21)
FNDA:16,(anonymous_22)
FNDA:12,(anonymous_23)
FNDA:4,(anonymous_24)
FNDA:4,(anonymous_25)
FNDA:7,(anonymous_26)
DA:5,1
DA:13,1
DA:22,1
DA:24,1
DA:36,1
DA:38,2
DA:39,2
DA:42,2
DA:50,2
DA:52,3
DA:53,3
DA:56,5
DA:72,2
DA:78,7
DA:79,7
DA:81,7
DA:84,6
DA:88,6
DA:89,5
DA:94,2
DA:98,7
DA:130,2
DA:132,6
DA:137,6
DA:138,6
DA:139,6
DA:141,6
DA:142,6
DA:144,6
DA:145,2
DA:148,4
DA:149,4
DA:150,4
DA:153,6
DA:160,6
DA:162,6
DA:164,4
DA:166,4
DA:171,4
DA:173,4
DA:184,6
DA:185,6
DA:186,5
DA:188,4
DA:194,4
DA:202,1
DA:212,6
DA:224,2
DA:226,5
DA:229,3
DA:232,3
DA:233,3
DA:234,3
DA:235,3
DA:236,3
DA:237,3
DA:240,3
DA:241,2
DA:243,1
DA:246,3
DA:247,6
DA:249,14
DA:250,14
DA:251,2
DA:252,2
DA:253,1
DA:254,1
DA:259,14
DA:261,3
DA:262,3
DA:264,9
DA:265,9
DA:270,11
DA:272,11
DA:273,11
DA:278,3
DA:280,3
DA:281,3
DA:282,5
DA:284,5
DA:285,1
DA:297,2
DA:298,9
DA:300,9
DA:301,13
DA:302,13
DA:303,9
DA:308,9
DA:315,9
DA:317,9
DA:324,8
DA:326,11
DA:328,11
DA:329,16
DA:330,2
DA:334,11
DA:335,9
DA:336,9
DA:338,1
DA:342,11
DA:344,11
DA:356,11
DA:358,10
DA:359,12
DA:360,12
DA:366,12
DA:372,2
DA:381,2
DA:382,2
DA:390,2
DA:393,10
DA:394,10
DA:395,3
DA:396,2
DA:403,1
DA:414,7
DA:430,11
DA:433,1
DA:441,9
DA:454,2
DA:455,4
DA:460,4
DA:462,4
DA:464,4
DA:465,7
DA:467,3
DA:468,3
DA:469,3
DA:472,4
DA:476,4
DA:477,4
DA:481,4
DA:485,1
LF:133
LH:133
BRDA:38,0,0,1
BRDA:38,0,1,1
BRDA:39,1,0,1
BRDA:39,1,1,1
BRDA:42,2,0,1
BRDA:42,2,1,1
BRDA:84,3,0,2
BRDA:84,3,1,4
BRDA:88,4,0,5
BRDA:88,4,1,1
BRDA:144,5,0,2
BRDA:144,5,1,4
BRDA:162,6,0,4
BRDA:162,6,1,2
BRDA:162,7,0,6
BRDA:162,7,1,5
BRDA:185,8,0,5
BRDA:185,8,1,1
BRDA:185,9,0,6
BRDA:185,9,1,5
BRDA:186,10,0,4
BRDA:186,10,1,1
BRDA:240,11,0,2
BRDA:240,11,1,1
BRDA:250,12,0,2
BRDA:250,12,1,12
BRDA:259,13,0,3
BRDA:259,13,1,11
BRDA:265,14,0,3
BRDA:265,14,1,6
BRDA:284,15,0,1
BRDA:284,15,1,4
BRDA:284,16,0,5
BRDA:284,16,1,3
BRDA:302,17,0,9
BRDA:302,17,1,4
BRDA:317,18,0,8
BRDA:317,18,1,1
BRDA:318,19,0,9
BRDA:318,19,1,9
BRDA:318,19,2,9
BRDA:329,20,0,2
BRDA:329,20,1,14
BRDA:334,21,0,9
BRDA:334,21,1,2
BRDA:356,22,0,10
BRDA:356,22,1,1
BRDA:366,23,0,2
BRDA:366,23,1,10
BRDA:367,24,0,12
BRDA:367,24,1,3
BRDA:367,24,2,2
BRDA:394,25,0,3
BRDA:394,25,1,7
BRDA:395,26,0,2
BRDA:395,26,1,1
BRDA:419,27,0,2
BRDA:419,27,1,5
BRDA:465,28,0,3
BRDA:465,28,1,4
BRF:60
BRH:60
end_of_record
TN:
SF:lib/tfx-cli.js
FN:41,(anonymous_0)
FN:87,(anonymous_1)
FN:91,(anonymous_2)
FN:94,(anonymous_3)
FN:103,(anonymous_4)
FN:114,(anonymous_5)
FN:142,(anonymous_6)
FN:143,(anonymous_7)
FN:148,(anonymous_8)
FN:160,(anonymous_9)
FN:175,(anonymous_10)
FN:181,(anonymous_11)
FN:185,(anonymous_12)
FNF:13
FNH:13
FNDA:38,(anonymous_0)
FNDA:2,(anonymous_1)
FNDA:1,(anonymous_2)
FNDA:1,(anonymous_3)
FNDA:4,(anonymous_4)
FNDA:3,(anonymous_5)
FNDA:2,(anonymous_6)
FNDA:1,(anonymous_7)
FNDA:1,(anonymous_8)
FNDA:2,(anonymous_9)
FNDA:1,(anonymous_10)
FNDA:1,(anonymous_11)
FNDA:12,(anonymous_12)
DA:1,1
DA:2,1
DA:3,1
DA:4,1
DA:5,1
DA:6,1
DA:7,1
DA:10,1
DA:41,1
DA:42,38
DA:44,38
DA:55,38
DA:87,38
DA:88,2
DA:92,1
DA:95,1
DA:103,38
DA:104,4
DA:107,38
DA:108,38
DA:109,38
DA:110,38
DA:111,38
DA:112,38
DA:114,38
DA:116,3
DA:118,3
DA:124,3
DA:125,3
DA:142,38
DA:143,2
DA:144,1
DA:148,38
DA:149,1
DA:150,1
DA:156,1
DA:157,1
DA:160,38
DA:161,2
DA:162,1
DA:166,1
DA:177,1
DA:181,38
DA:182,1
DA:185,38
DA:186,12
DA:187,1
DA:191,11
DA:192,1
DA:193,1
DA:195,10
DA:196,1
DA:197,1
DA:198,9
DA:199,2
DA:201,7
DA:202,3
DA:203,3
DA:204,4
DA:205,1
DA:206,1
DA:207,3
DA:208,2
DA:210,1
DA:217,1
LF:65
LH:65
BRDA:131,0,0,1
BRDA:131,0,1,2
BRDA:132,1,0,1
BRDA:132,1,1,2
BRDA:161,2,0,1
BRDA:161,2,1,1
BRDA:186,3,0,1
BRDA:186,3,1,11
BRDA:191,4,0,1
BRDA:191,4,1,10
BRDA:195,5,0,1
BRDA:195,5,1,9
BRDA:195,6,0,10
BRDA:195,6,1,3
BRDA:198,7,0,2
BRDA:198,7,1,7
BRDA:201,8,0,3
BRDA:201,8,1,4
BRDA:204,9,0,1
BRDA:204,9,1,3
BRDA:207,10,0,2
BRDA:207,10,1,1
BRF:22
BRH:22
end_of_record
TN:
SF:lib/tfx-init.js
FN:24,(anonymous_0)
FNF:1
FNH:1
FNDA:6,(anonymous_0)
DA:1,3
DA:3,3
DA:24,3
DA:25,6
DA:27,4
DA:29,6
DA:30,6
DA:31,6
DA:34,3
LF:9
LH:9
BRDA:25,0,0,4
BRDA:25,0,1,2
BRF:2
BRH:2
end_of_record
TN:
SF:unit-tests/axios.mocks.js
FN:8,(anonymous_0)
FN:13,(anonymous_1)
FN:14,(anonymous_2)
FN:31,(anonymous_3)
FN:39,(anonymous_4)
FN:40,(anonymous_5)
FN:57,(anonymous_6)
FN:58,(anonymous_7)
FN:72,(anonymous_8)
FN:73,(anonymous_9)
FN:88,(anonymous_10)
FN:89,(anonymous_11)
FNF:12
FNH:12
FNDA:5,(anonymous_0)
FNDA:5,(anonymous_1)
FNDA:5,(anonymous_2)
FNDA:19,(anonymous_3)
FNDA:3,(anonymous_4)
FNDA:3,(anonymous_5)
FNDA:2,(anonymous_6)
FNDA:2,(anonymous_7)
FNDA:2,(anonymous_8)
FNDA:2,(anonymous_9)
FNDA:2,(anonymous_10)
FNDA:2,(anonymous_11)
DA:1,2
DA:13,5
DA:14,5
DA:15,5
DA:16,2
DA:18,3
DA:32,19
DA:40,3
DA:41,3
DA:42,1
DA:44,2
DA:58,2
DA:59,2
DA:60,1
DA:62,1
DA:73,2
DA:74,2
DA:75,1
DA:77,1
DA:89,2
DA:90,2
DA:91,1
DA:93,1
LF:23
LH:23
BRDA:15,0,0,2
BRDA:15,0,1,3
BRDA:19,1,0,3
BRDA:19,1,1,1
BRDA:41,2,0,1
BRDA:41,2,1,2
BRDA:45,3,0,2
BRDA:45,3,1,1
BRDA:59,4,0,1
BRDA:59,4,1,1
BRDA:74,5,0,1
BRDA:74,5,1,1
BRDA:90,6,0,1
BRDA:90,6,1,1
BRF:14
BRH:14
end_of_record
TN:
SF:unit-tests/tfx.mocks.js
FN:4,(anonymous_0)
FN:12,(anonymous_1)
FN:31,(anonymous_2)
FN:42,(anonymous_3)
FN:54,(anonymous_4)
FN:64,(anonymous_5)
FN:73,(anonymous_6)
FN:77,(anonymous_7)
FN:79,(anonymous_8)
FN:95,(anonymous_9)
FN:96,(anonymous_10)
FN:97,(anonymous_11)
FN:114,(anonymous_12)
FN:115,(anonymous_13)
FN:118,(anonymous_14)
FN:121,(anonymous_15)
FN:130,(anonymous_16)
FN:132,(anonymous_17)
FN:135,(anonymous_18)
FN:136,(anonymous_19)
FN:152,(anonymous_20)
FN:154,(anonymous_21)
FN:155,(anonymous_22)
FNF:23
FNH:18
FNDA:3,(anonymous_0)
FNDA:0,(anonymous_1)
FNDA:0,(anonymous_2)
FNDA:0,(anonymous_3)
FNDA:0,(anonymous_4)
FNDA:0,(anonymous_5)
FNDA:4,(anonymous_6)
FNDA:4,(anonymous_7)
FNDA:4,(anonymous_8)
FNDA:4,(anonymous_9)
FNDA:4,(anonymous_10)
FNDA:4,(anonymous_11)
FNDA:8,(anonymous_12)
FNDA:6,(anonymous_13)
FNDA:4,(anonymous_14)
FNDA:2,(anonymous_15)
FNDA:2,(anonymous_16)
FNDA:2,(anonymous_17)
FNDA:4,(anonymous_18)
FNDA:4,(anonymous_19)
FNDA:2,(anonymous_20)
FNDA:4,(anonymous_21)
FNDA:4,(anonymous_22)
DA:4,3
DA:6,3
DA:12,3
DA:13,0
DA:14,0
DA:20,3
DA:22,3
DA:24,3
DA:31,3
DA:33,0
DA:34,0
DA:42,3
DA:44,0
DA:45,0
DA:54,3
DA:55,0
DA:56,0
DA:59,3
DA:64,3
DA:65,0
DA:73,3
DA:74,4
DA:75,4
DA:76,4
DA:77,4
DA:78,4
DA:79,4
DA:80,4
DA:81,2
DA:82,2
DA:83,0
DA:95,3
DA:96,4
DA:97,4
DA:98,4
DA:99,2
DA:104,2
DA:114,3
DA:115,8
DA:116,6
DA:118,8
DA:119,4
DA:121,8
DA:122,2
DA:130,3
DA:131,2
DA:132,2
DA:133,2
DA:135,2
DA:136,4
DA:137,4
DA:138,2
DA:139,2
DA:141,2
DA:142,2
DA:152,3
DA:153,2
DA:155,4
DA:156,4
DA:157,2
DA:159,2
DA:166,3
LF:62
LH:52
BRDA:80,0,0,2
BRDA:80,0,1,2
BRDA:82,1,0,2
BRDA:82,1,1,0
BRDA:98,2,0,2
BRDA:98,2,1,2
BRDA:119,3,0,1
BRDA:119,3,1,3
BRDA:137,4,0,2
BRDA:137,4,1,2
BRDA:156,5,0,2
BRDA:156,5,1,2
BRF:12
BRH:11
end_of_record
